TN:
SF:components/AboutUs/AboutUsCulture.vue
FN:49,(anonymous_2)
FN:54,(anonymous_3)
FNF:2
FNH:0
FNDA:0,(anonymous_2)
FNDA:0,(anonymous_3)
DA:38,0
DA:40,0
DA:55,0
DA:56,0
DA:58,0
DA:62,0
LF:6
LH:0
BRDA:55,0,0,0
BRDA:55,0,1,0
BRF:2
BRH:0
end_of_record
TN:
SF:components/AboutUs/AboutUsMain.vue
FN:33,(anonymous_1)
FNF:1
FNH:0
FNDA:0,(anonymous_1)
LF:0
LH:0
BRF:0
BRH:0
end_of_record
TN:
SF:components/AboutUs/AboutUsMeetTeam.vue
FN:21,(anonymous_1)
FN:26,(anonymous_2)
FNF:2
FNH:0
FNDA:0,(anonymous_1)
FNDA:0,(anonymous_2)
DA:27,0
LF:1
LH:0
BRF:0
BRH:0
end_of_record
TN:
SF:components/AboutUs/AboutUsOurWork.vue
FN:31,(anonymous_1)
FNF:1
FNH:0
FNDA:0,(anonymous_1)
LF:0
LH:0
BRF:0
BRH:0
end_of_record
TN:
SF:components/AboutUs/AboutUsPartners.vue
FN:25,(anonymous_1)
FNF:1
FNH:0
FNDA:0,(anonymous_1)
LF:0
LH:0
BRF:0
BRH:0
end_of_record
TN:
SF:components/AboutUs/AboutUsRelocating.vue
FN:23,(anonymous_1)
FN:28,(anonymous_2)
FNF:2
FNH:0
FNDA:0,(anonymous_1)
FNDA:0,(anonymous_2)
DA:29,0
LF:1
LH:0
BRF:0
BRH:0
end_of_record
TN:
SF:components/AboutUs/AboutUsServices.vue
FN:50,(anonymous_1)
FN:54,(anonymous_2)
FNF:2
FNH:0
FNDA:0,(anonymous_1)
FNDA:0,(anonymous_2)
DA:55,0
LF:1
LH:0
BRF:0
BRH:0
end_of_record
TN:
SF:components/AboutUs/AboutUsWhoWeAre.vue
FN:41,(anonymous_1)
FN:45,(anonymous_2)
FNF:2
FNH:0
FNDA:0,(anonymous_1)
FNDA:0,(anonymous_2)
DA:46,0
LF:1
LH:0
BRF:0
BRH:0
end_of_record
TN:
SF:components/App/AppAgentsSlider.vue
FN:53,(anonymous_2)
FN:57,(anonymous_3)
FN:103,(anonymous_4)
FN:107,(anonymous_5)
FNF:4
FNH:0
FNDA:0,(anonymous_2)
FNDA:0,(anonymous_3)
FNDA:0,(anonymous_4)
FNDA:0,(anonymous_5)
DA:41,0
DA:42,0
DA:53,0
DA:58,0
DA:104,0
DA:108,0
LF:6
LH:0
BRF:0
BRH:0
end_of_record
TN:
SF:components/App/AppAgentsSliderItem.vue
FN:64,(anonymous_1)
FNF:1
FNH:0
FNDA:0,(anonymous_1)
LF:0
LH:0
BRF:0
BRH:0
end_of_record
TN:
SF:components/App/AppContact.vue
FN:18,(anonymous_1)
FNF:1
FNH:0
FNDA:0,(anonymous_1)
DA:18,0
LF:1
LH:0
BRF:0
BRH:0
end_of_record
TN:
SF:components/App/AppContactForm.vue
FN:191,(anonymous_1)
FN:196,(anonymous_2)
FN:200,(anonymous_3)
FN:213,(anonymous_4)
FNF:4
FNH:0
FNDA:0,(anonymous_1)
FNDA:0,(anonymous_2)
FNDA:0,(anonymous_3)
FNDA:0,(anonymous_4)
DA:185,0
DA:201,0
DA:214,0
DA:216,0
DA:217,0
DA:220,0
DA:221,0
DA:224,0
DA:225,0
DA:228,0
DA:229,0
DA:232,0
DA:233,0
DA:236,0
DA:237,0
DA:240,0
DA:241,0
DA:244,0
DA:245,0
DA:248,0
DA:249,0
DA:252,0
DA:253,0
DA:256,0
DA:257,0
DA:260,0
DA:262,0
DA:263,0
DA:265,0
LF:29
LH:0
BRDA:216,0,0,0
BRDA:216,0,1,0
BRDA:220,1,0,0
BRDA:220,1,1,0
BRDA:224,2,0,0
BRDA:224,2,1,0
BRDA:228,3,0,0
BRDA:228,3,1,0
BRDA:232,4,0,0
BRDA:232,4,1,0
BRDA:236,5,0,0
BRDA:236,5,1,0
BRDA:240,6,0,0
BRDA:240,6,1,0
BRDA:244,7,0,0
BRDA:244,7,1,0
BRDA:248,8,0,0
BRDA:248,8,1,0
BRDA:252,9,0,0
BRDA:252,9,1,0
BRDA:256,10,0,0
BRDA:256,10,1,0
BRF:22
BRH:0
end_of_record
TN:
SF:components/App/AppContactItem.vue
FN:22,(anonymous_1)
FN:37,(anonymous_2)
FNF:2
FNH:0
FNDA:0,(anonymous_1)
FNDA:0,(anonymous_2)
DA:38,0
DA:39,0
DA:41,0
LF:3
LH:0
BRF:0
BRH:0
end_of_record
TN:
SF:components/App/AppCopyright.vue
FN:35,(anonymous_1)
FNF:1
FNH:0
FNDA:0,(anonymous_1)
LF:0
LH:0
BRF:0
BRH:0
end_of_record
TN:
SF:components/App/AppFooter.vue
FN:45,(anonymous_1)
FNF:1
FNH:0
FNDA:0,(anonymous_1)
LF:0
LH:0
BRF:0
BRH:0
end_of_record
TN:
SF:components/App/AppHeader.vue
FN:62,(anonymous_1)
FN:66,(anonymous_2)
FN:79,(anonymous_3)
FN:88,(anonymous_4)
FN:94,(anonymous_5)
FN:103,(anonymous_6)
FN:107,(anonymous_7)
FNF:7
FNH:0
FNDA:0,(anonymous_1)
FNDA:0,(anonymous_2)
FNDA:0,(anonymous_3)
FNDA:0,(anonymous_4)
FNDA:0,(anonymous_5)
FNDA:0,(anonymous_6)
FNDA:0,(anonymous_7)
DA:56,0
DA:67,0
DA:80,0
DA:81,0
DA:84,0
DA:89,0
DA:91,0
DA:95,0
DA:104,0
DA:108,0
LF:10
LH:0
BRDA:80,0,0,0
BRDA:80,0,1,0
BRDA:80,1,0,0
BRDA:80,1,1,0
BRDA:80,1,2,0
BRF:5
BRH:0
end_of_record
TN:
SF:components/App/AppIcons.vue
FN:29,(anonymous_1)
FN:34,(anonymous_2)
FN:42,(anonymous_3)
FNF:3
FNH:0
FNDA:0,(anonymous_1)
FNDA:0,(anonymous_2)
FNDA:0,(anonymous_3)
DA:35,0
DA:37,0
DA:43,0
DA:44,0
DA:46,0
LF:5
LH:0
BRDA:43,0,0,0
BRDA:43,0,1,0
BRDA:43,1,0,0
BRDA:43,1,1,0
BRF:4
BRH:0
end_of_record
TN:
SF:components/App/AppLink.vue
FNF:0
FNH:0
DA:20,0
LF:1
LH:0
BRF:0
BRH:0
end_of_record
TN:
SF:components/App/AppListingCard.vue
FN:77,(anonymous_1)
FN:82,(anonymous_2)
FN:105,(anonymous_3)
FNF:3
FNH:0
FNDA:0,(anonymous_1)
FNDA:0,(anonymous_2)
FNDA:0,(anonymous_3)
DA:83,0
DA:102,0
DA:106,0
DA:108,0
LF:4
LH:0
BRF:0
BRH:0
end_of_record
TN:
SF:components/App/AppLoader.vue
FN:32,(anonymous_5)
FNF:1
FNH:0
FNDA:0,(anonymous_5)
DA:14,0
DA:15,0
DA:33,0
LF:3
LH:0
BRF:0
BRH:0
end_of_record
TN:
SF:components/App/AppLocationsItem.vue
FN:42,(anonymous_1)
FNF:1
FNH:0
FNDA:0,(anonymous_1)
LF:0
LH:0
BRF:0
BRH:0
end_of_record
TN:
SF:components/App/AppLogo.vue
FN:34,(anonymous_1)
FNF:1
FNH:1
FNDA:1,(anonymous_1)
LF:0
LH:0
BRF:0
BRH:0
end_of_record
TN:
SF:components/App/AppMainMenu.vue
FN:22,(anonymous_1)
FNF:1
FNH:0
FNDA:0,(anonymous_1)
DA:22,0
LF:1
LH:0
BRF:0
BRH:0
end_of_record
TN:
SF:components/App/AppMainMenuItem.vue
FN:18,(anonymous_1)
FNF:1
FNH:0
FNDA:0,(anonymous_1)
LF:0
LH:0
BRF:0
BRH:0
end_of_record
TN:
SF:components/App/AppMap.vue
FN:15,(anonymous_1)
FN:29,(anonymous_2)
FN:39,(anonymous_3)
FNF:3
FNH:0
FNDA:0,(anonymous_1)
FNDA:0,(anonymous_2)
FNDA:0,(anonymous_3)
DA:30,0
DA:40,0
DA:47,0
DA:48,0
DA:49,0
DA:51,0
LF:6
LH:0
BRDA:41,0,0,0
BRDA:41,0,1,0
BRF:2
BRH:0
end_of_record
TN:
SF:components/App/AppMeetCard.vue
FN:70,(anonymous_2)
FN:75,(anonymous_3)
FN:83,(anonymous_4)
FNF:3
FNH:0
FNDA:0,(anonymous_2)
FNDA:0,(anonymous_3)
FNDA:0,(anonymous_4)
DA:58,0
DA:60,0
DA:76,0
DA:78,0
DA:84,0
DA:85,0
DA:87,0
DA:91,0
LF:8
LH:0
BRF:0
BRH:0
end_of_record
TN:
SF:components/App/AppMenuList.vue
FN:18,(anonymous_1)
FNF:1
FNH:0
FNDA:0,(anonymous_1)
DA:18,0
LF:1
LH:0
BRF:0
BRH:0
end_of_record
TN:
SF:components/App/AppMenuListItem.vue
FN:19,(anonymous_1)
FNF:1
FNH:0
FNDA:0,(anonymous_1)
LF:0
LH:0
BRF:0
BRH:0
end_of_record
TN:
SF:components/App/AppMobileNav.vue
FN:30,(anonymous_1)
FN:45,(anonymous_2)
FNF:2
FNH:0
FNDA:0,(anonymous_1)
FNDA:0,(anonymous_2)
DA:24,0
DA:46,0
LF:2
LH:0
BRF:0
BRH:0
end_of_record
TN:
SF:components/App/AppNewListing.vue
FN:92,(anonymous_1)
FN:102,(anonymous_2)
FN:127,(anonymous_3)
FNF:3
FNH:0
FNDA:0,(anonymous_1)
FNDA:0,(anonymous_2)
FNDA:0,(anonymous_3)
DA:103,0
DA:122,0
DA:129,0
DA:130,0
DA:131,0
LF:5
LH:0
BRF:0
BRH:0
end_of_record
TN:
SF:components/App/AppNewsSlider.vue
FN:53,(anonymous_2)
FN:57,(anonymous_3)
FN:103,(anonymous_4)
FN:107,(anonymous_5)
FNF:4
FNH:0
FNDA:0,(anonymous_2)
FNDA:0,(anonymous_3)
FNDA:0,(anonymous_4)
FNDA:0,(anonymous_5)
DA:41,0
DA:42,0
DA:53,0
DA:58,0
DA:104,0
DA:108,0
LF:6
LH:0
BRF:0
BRH:0
end_of_record
TN:
SF:components/App/AppNewsSliderItem.vue
FN:66,(anonymous_2)
FN:71,(anonymous_3)
FN:83,(anonymous_4)
FNF:3
FNH:0
FNDA:0,(anonymous_2)
FNDA:0,(anonymous_3)
FNDA:0,(anonymous_4)
DA:56,0
DA:58,0
DA:72,0
DA:73,0
DA:75,0
DA:78,0
DA:84,0
DA:85,0
DA:87,0
DA:91,0
LF:10
LH:0
BRDA:72,0,0,0
BRDA:72,0,1,0
BRDA:84,1,0,0
BRDA:84,1,1,0
BRF:4
BRH:0
end_of_record
TN:
SF:components/App/AppPagination.vue
FN:85,(anonymous_1)
FN:89,(anonymous_2)
FN:96,(anonymous_3)
FN:102,(anonymous_4)
FN:112,(anonymous_5)
FN:118,(anonymous_6)
FN:128,(anonymous_7)
FNF:7
FNH:0
FNDA:0,(anonymous_1)
FNDA:0,(anonymous_2)
FNDA:0,(anonymous_3)
FNDA:0,(anonymous_4)
FNDA:0,(anonymous_5)
FNDA:0,(anonymous_6)
FNDA:0,(anonymous_7)
DA:90,0
DA:97,0
DA:99,0
DA:103,0
DA:104,0
DA:106,0
DA:109,0
DA:113,0
DA:115,0
DA:119,0
DA:120,0
DA:122,0
DA:125,0
DA:129,0
DA:131,0
LF:15
LH:0
BRDA:103,0,0,0
BRDA:103,0,1,0
BRDA:119,1,0,0
BRDA:119,1,1,0
BRF:4
BRH:0
end_of_record
TN:
SF:components/App/AppTabsList.vue
FN:24,(anonymous_1)
FN:44,(anonymous_2)
FN:54,(anonymous_3)
FN:62,(anonymous_4)
FNF:4
FNH:0
FNDA:0,(anonymous_1)
FNDA:0,(anonymous_2)
FNDA:0,(anonymous_3)
FNDA:0,(anonymous_4)
DA:24,0
DA:55,0
DA:63,0
LF:3
LH:0
BRF:0
BRH:0
end_of_record
TN:
SF:components/App/AppTabsListItem.vue
FN:24,(anonymous_1)
FN:49,(anonymous_2)
FN:54,(anonymous_3)
FN:58,(anonymous_4)
FNF:4
FNH:0
FNDA:0,(anonymous_1)
FNDA:0,(anonymous_2)
FNDA:0,(anonymous_3)
FNDA:0,(anonymous_4)
DA:55,0
DA:59,0
LF:2
LH:0
BRF:0
BRH:0
end_of_record
TN:
SF:components/App/AppVideoPlayer.vue
FN:57,(anonymous_2)
FN:62,(anonymous_3)
FN:68,(anonymous_4)
FNF:3
FNH:0
FNDA:0,(anonymous_2)
FNDA:0,(anonymous_3)
FNDA:0,(anonymous_4)
DA:47,0
DA:63,0
DA:65,0
DA:69,0
DA:71,0
DA:72,0
DA:73,0
DA:74,0
DA:75,0
DA:77,0
DA:80,0
LF:11
LH:0
BRDA:71,0,0,0
BRDA:71,0,1,0
BRDA:72,1,0,0
BRDA:72,1,1,0
BRDA:72,2,0,0
BRDA:72,2,1,0
BRDA:74,3,0,0
BRDA:74,3,1,0
BRF:8
BRH:0
end_of_record
TN:
SF:components/Blog/BlogArticleContent.vue
FN:58,(anonymous_1)
FNF:1
FNH:0
FNDA:0,(anonymous_1)
LF:0
LH:0
BRF:0
BRH:0
end_of_record
TN:
SF:components/Blog/BlogCard.vue
FN:38,(anonymous_1)
FN:43,(anonymous_2)
FNF:2
FNH:0
FNDA:0,(anonymous_1)
FNDA:0,(anonymous_2)
DA:44,0
LF:1
LH:0
BRF:0
BRH:0
end_of_record
TN:
SF:components/Blog/BlogCardsList.vue
FN:16,(anonymous_1)
FNF:1
FNH:0
FNDA:0,(anonymous_1)
DA:16,0
LF:1
LH:0
BRF:0
BRH:0
end_of_record
TN:
SF:components/Blog/BlogCategories.vue
FN:66,(anonymous_2)
FN:70,(anonymous_3)
FN:82,(anonymous_4)
FN:95,(anonymous_5)
FNF:4
FNH:0
FNDA:0,(anonymous_2)
FNDA:0,(anonymous_3)
FNDA:0,(anonymous_4)
FNDA:0,(anonymous_5)
DA:57,0
DA:59,0
DA:71,0
DA:83,0
DA:84,0
DA:87,0
DA:96,0
DA:98,0
DA:100,0
DA:105,0
DA:107,0
DA:109,0
DA:110,0
DA:112,0
LF:14
LH:0
BRDA:83,0,0,0
BRDA:83,0,1,0
BRF:2
BRH:0
end_of_record
TN:
SF:components/Blog/BlogContent.vue
FN:69,(anonymous_1)
FN:74,(anonymous_2)
FN:78,(anonymous_3)
FN:85,(anonymous_4)
FNF:4
FNH:0
FNDA:0,(anonymous_1)
FNDA:0,(anonymous_2)
FNDA:0,(anonymous_3)
FNDA:0,(anonymous_4)
DA:79,0
DA:86,0
DA:87,0
LF:3
LH:0
BRDA:86,0,0,0
BRDA:86,0,1,0
BRF:2
BRH:0
end_of_record
TN:
SF:components/Blog/BlogContentList.vue
FN:31,(anonymous_1)
FNF:1
FNH:0
FNDA:0,(anonymous_1)
LF:0
LH:0
BRF:0
BRH:0
end_of_record
TN:
SF:components/Blog/BlogSearch.vue
FN:63,(anonymous_2)
FN:67,(anonymous_3)
FN:79,(anonymous_4)
FN:92,(anonymous_5)
FNF:4
FNH:0
FNDA:0,(anonymous_2)
FNDA:0,(anonymous_3)
FNDA:0,(anonymous_4)
FNDA:0,(anonymous_5)
DA:54,0
DA:56,0
DA:68,0
DA:80,0
DA:81,0
DA:84,0
DA:93,0
DA:95,0
DA:97,0
DA:102,0
DA:104,0
DA:105,0
DA:107,0
LF:13
LH:0
BRDA:80,0,0,0
BRDA:80,0,1,0
BRF:2
BRH:0
end_of_record
TN:
SF:components/BuildingResources/BuildingResourcesArchitects.vue
FN:27,(anonymous_1)
FNF:1
FNH:0
FNDA:0,(anonymous_1)
DA:27,0
LF:1
LH:0
BRF:0
BRH:0
end_of_record
TN:
SF:components/Community/CommunityArticles.vue
FN:31,(anonymous_2)
FNF:1
FNH:0
FNDA:0,(anonymous_2)
DA:21,0
LF:1
LH:0
BRF:0
BRH:0
end_of_record
TN:
SF:components/Community/CommunityFavorites.vue
FN:22,(anonymous_1)
FNF:1
FNH:0
FNDA:0,(anonymous_1)
LF:0
LH:0
BRF:0
BRH:0
end_of_record
TN:
SF:components/Community/CommunityFavoritesHorizontalSlider.vue
FN:50,(anonymous_2)
FN:54,(anonymous_3)
FN:83,(anonymous_4)
FN:84,(anonymous_5)
FN:90,(anonymous_6)
FN:94,(anonymous_7)
FN:98,(anonymous_8)
FNF:7
FNH:0
FNDA:0,(anonymous_2)
FNDA:0,(anonymous_3)
FNDA:0,(anonymous_4)
FNDA:0,(anonymous_5)
FNDA:0,(anonymous_6)
FNDA:0,(anonymous_7)
FNDA:0,(anonymous_8)
DA:40,0
DA:50,0
DA:55,0
DA:84,0
DA:85,0
DA:91,0
DA:95,0
DA:99,0
LF:8
LH:0
BRF:0
BRH:0
end_of_record
TN:
SF:components/Community/CommunityFavoritesHorizontalSliderItem.vue
FN:31,(anonymous_1)
FN:36,(anonymous_2)
FNF:2
FNH:0
FNDA:0,(anonymous_1)
FNDA:0,(anonymous_2)
DA:37,0
LF:1
LH:0
BRF:0
BRH:0
end_of_record
TN:
SF:components/Community/CommunityFavoritesVerticalSlider.vue
FN:50,(anonymous_2)
FN:54,(anonymous_3)
FN:87,(anonymous_4)
FN:88,(anonymous_5)
FN:94,(anonymous_6)
FN:98,(anonymous_7)
FN:102,(anonymous_8)
FNF:7
FNH:0
FNDA:0,(anonymous_2)
FNDA:0,(anonymous_3)
FNDA:0,(anonymous_4)
FNDA:0,(anonymous_5)
FNDA:0,(anonymous_6)
FNDA:0,(anonymous_7)
FNDA:0,(anonymous_8)
DA:38,0
DA:39,0
DA:50,0
DA:55,0
DA:88,0
DA:89,0
DA:95,0
DA:99,0
DA:103,0
LF:9
LH:0
BRF:0
BRH:0
end_of_record
TN:
SF:components/Community/CommunityFavoritesVerticalSliderItem.vue
FN:28,(anonymous_1)
FNF:1
FNH:0
FNDA:0,(anonymous_1)
LF:0
LH:0
BRF:0
BRH:0
end_of_record
TN:
SF:components/Community/CommunityIntroduction.vue
FN:43,(anonymous_1)
FN:48,(anonymous_2)
FNF:2
FNH:0
FNDA:0,(anonymous_1)
FNDA:0,(anonymous_2)
DA:49,0
DA:51,0
LF:2
LH:0
BRF:0
BRH:0
end_of_record
TN:
SF:components/Community/CommunityListings.vue
FN:39,(anonymous_1)
FN:44,(anonymous_2)
FN:46,(anonymous_3)
FN:48,(anonymous_4)
FN:84,(anonymous_5)
FNF:5
FNH:0
FNDA:0,(anonymous_1)
FNDA:0,(anonymous_2)
FNDA:0,(anonymous_3)
FNDA:0,(anonymous_4)
FNDA:0,(anonymous_5)
DA:45,0
DA:46,0
DA:47,0
DA:50,0
DA:51,0
DA:52,0
DA:54,0
DA:74,0
DA:75,0
DA:78,0
DA:80,0
DA:85,0
LF:12
LH:0
BRDA:45,0,0,0
BRDA:45,0,1,0
BRDA:56,1,0,0
BRDA:56,1,1,0
BRDA:74,2,0,0
BRDA:74,2,1,0
BRF:6
BRH:0
end_of_record
TN:
SF:components/Community/CommunityListingsCard.vue
FN:73,(anonymous_1)
FN:78,(anonymous_2)
FN:109,(anonymous_3)
FN:113,(anonymous_4)
FNF:4
FNH:0
FNDA:0,(anonymous_1)
FNDA:0,(anonymous_2)
FNDA:0,(anonymous_3)
FNDA:0,(anonymous_4)
DA:79,0
DA:98,0
DA:110,0
DA:115,0
DA:116,0
DA:117,0
LF:6
LH:0
BRF:0
BRH:0
end_of_record
TN:
SF:components/Community/CommunityMarketing.vue
FN:84,(anonymous_2)
FN:88,(anonymous_3)
FN:104,(anonymous_4)
FN:108,(anonymous_5)
FNF:4
FNH:0
FNDA:0,(anonymous_2)
FNDA:0,(anonymous_3)
FNDA:0,(anonymous_4)
FNDA:0,(anonymous_5)
DA:74,0
DA:89,0
DA:105,0
DA:109,0
DA:110,0
DA:112,0
DA:115,0
DA:117,0
DA:119,0
LF:9
LH:0
BRDA:109,0,0,0
BRDA:109,0,1,0
BRF:2
BRH:0
end_of_record
TN:
SF:components/Community/CommunityMarketingTable.vue
FN:12,(anonymous_1)
FN:22,(anonymous_2)
FN:24,(anonymous_3)
FNF:3
FNH:0
FNDA:0,(anonymous_1)
FNDA:0,(anonymous_2)
FNDA:0,(anonymous_3)
DA:12,0
DA:23,0
DA:24,0
DA:25,0
LF:4
LH:0
BRDA:23,0,0,0
BRDA:23,0,1,0
BRDA:23,1,0,0
BRDA:23,1,1,0
BRF:4
BRH:0
end_of_record
TN:
SF:components/Community/CommunityNeighborhoods.vue
FN:24,(anonymous_1)
FNF:1
FNH:0
FNDA:0,(anonymous_1)
LF:0
LH:0
BRF:0
BRH:0
end_of_record
TN:
SF:components/Community/CommunityNeighborhoodsCard.vue
FN:34,(anonymous_1)
FNF:1
FNH:0
FNDA:0,(anonymous_1)
LF:0
LH:0
BRF:0
BRH:0
end_of_record
TN:
SF:components/Community/CommunityNeighborhoodsSlider.vue
FN:40,(anonymous_2)
FN:44,(anonymous_3)
FN:66,(anonymous_4)
FN:70,(anonymous_5)
FNF:4
FNH:0
FNDA:0,(anonymous_2)
FNDA:0,(anonymous_3)
FNDA:0,(anonymous_4)
FNDA:0,(anonymous_5)
DA:28,0
DA:29,0
DA:40,0
DA:45,0
DA:67,0
DA:71,0
LF:6
LH:0
BRF:0
BRH:0
end_of_record
TN:
SF:components/Community/CommunityNeighborhoodsSliderItem.vue
FN:18,(anonymous_1)
FNF:1
FNH:0
FNDA:0,(anonymous_1)
LF:0
LH:0
BRF:0
BRH:0
end_of_record
TN:
SF:components/Community/CommunityPromo.vue
FN:18,(anonymous_1)
FNF:1
FNH:0
FNDA:0,(anonymous_1)
DA:18,0
LF:1
LH:0
BRF:0
BRH:0
end_of_record
TN:
SF:components/Community/CommunityPromoSlider.vue
FN:43,(anonymous_2)
FN:59,(anonymous_3)
FN:81,(anonymous_4)
FN:85,(anonymous_5)
FNF:4
FNH:0
FNDA:0,(anonymous_2)
FNDA:0,(anonymous_3)
FNDA:0,(anonymous_4)
FNDA:0,(anonymous_5)
DA:31,0
DA:32,0
DA:43,0
DA:60,0
DA:82,0
DA:86,0
LF:6
LH:0
BRF:0
BRH:0
end_of_record
TN:
SF:components/Community/CommunityPromoSliderItem.vue
FN:37,(anonymous_1)
FNF:1
FNH:0
FNDA:0,(anonymous_1)
LF:0
LH:0
BRF:0
BRH:0
end_of_record
TN:
SF:components/Community/CommunityServices.vue
FN:48,(anonymous_1)
FN:53,(anonymous_2)
FN:59,(anonymous_3)
FNF:3
FNH:0
FNDA:0,(anonymous_1)
FNDA:0,(anonymous_2)
FNDA:0,(anonymous_3)
DA:54,0
DA:56,0
DA:60,0
LF:3
LH:0
BRF:0
BRH:0
end_of_record
TN:
SF:components/Contact/ContactMain.vue
FN:33,(anonymous_1)
FNF:1
FNH:0
FNDA:0,(anonymous_1)
LF:0
LH:0
BRF:0
BRH:0
end_of_record
TN:
SF:components/Home/HomeCommunities.vue
FN:31,(anonymous_2)
FNF:1
FNH:0
FNDA:0,(anonymous_2)
DA:21,0
LF:1
LH:0
BRF:0
BRH:0
end_of_record
TN:
SF:components/Home/HomeCommunitiesHorizontalSlider.vue
FN:44,(anonymous_2)
FN:48,(anonymous_3)
FN:78,(anonymous_4)
FN:79,(anonymous_5)
FN:85,(anonymous_6)
FN:89,(anonymous_7)
FNF:6
FNH:0
FNDA:0,(anonymous_2)
FNDA:0,(anonymous_3)
FNDA:0,(anonymous_4)
FNDA:0,(anonymous_5)
FNDA:0,(anonymous_6)
FNDA:0,(anonymous_7)
DA:34,0
DA:44,0
DA:49,0
DA:79,0
DA:80,0
DA:86,0
DA:90,0
LF:7
LH:0
BRF:0
BRH:0
end_of_record
TN:
SF:components/Home/HomeCommunitiesHorizontalSliderItem.vue
FN:47,(anonymous_1)
FN:52,(anonymous_2)
FNF:2
FNH:0
FNDA:0,(anonymous_1)
FNDA:0,(anonymous_2)
DA:53,0
LF:1
LH:0
BRF:0
BRH:0
end_of_record
TN:
SF:components/Home/HomeCommunitiesVerticalSlider.vue
FN:61,(anonymous_2)
FN:65,(anonymous_3)
FN:98,(anonymous_4)
FN:103,(anonymous_5)
FN:104,(anonymous_6)
FN:110,(anonymous_7)
FN:114,(anonymous_8)
FN:118,(anonymous_9)
FN:122,(anonymous_10)
FN:128,(anonymous_11)
FNF:10
FNH:0
FNDA:0,(anonymous_2)
FNDA:0,(anonymous_3)
FNDA:0,(anonymous_4)
FNDA:0,(anonymous_5)
FNDA:0,(anonymous_6)
FNDA:0,(anonymous_7)
FNDA:0,(anonymous_8)
FNDA:0,(anonymous_9)
FNDA:0,(anonymous_10)
FNDA:0,(anonymous_11)
DA:49,0
DA:50,0
DA:61,0
DA:66,0
DA:99,0
DA:100,0
DA:104,0
DA:105,0
DA:111,0
DA:115,0
DA:119,0
DA:123,0
DA:125,0
DA:129,0
LF:14
LH:0
BRF:0
BRH:0
end_of_record
TN:
SF:components/Home/HomeCommunitiesVerticalSliderItem.vue
FN:48,(anonymous_1)
FN:61,(anonymous_2)
FN:65,(anonymous_3)
FN:69,(anonymous_4)
FNF:4
FNH:0
FNDA:0,(anonymous_1)
FNDA:0,(anonymous_2)
FNDA:0,(anonymous_3)
FNDA:0,(anonymous_4)
DA:62,0
DA:66,0
DA:70,0
DA:71,0
DA:72,0
DA:73,0
DA:74,0
DA:75,0
LF:8
LH:0
BRDA:70,0,0,0
BRDA:70,0,1,0
BRDA:70,1,0,0
BRDA:70,1,1,0
BRDA:70,1,2,0
BRDA:73,2,0,0
BRDA:73,2,1,0
BRDA:73,3,0,0
BRDA:73,3,1,0
BRDA:73,3,2,0
BRF:10
BRH:0
end_of_record
TN:
SF:components/Home/HomeContact.vue
FN:25,(anonymous_1)
FNF:1
FNH:0
FNDA:0,(anonymous_1)
LF:0
LH:0
BRF:0
BRH:0
end_of_record
TN:
SF:components/Home/HomeContactItem.vue
FN:46,(anonymous_1)
FNF:1
FNH:0
FNDA:0,(anonymous_1)
LF:0
LH:0
BRF:0
BRH:0
end_of_record
TN:
SF:components/Home/HomeImageTabbed.vue
FN:30,(anonymous_2)
FNF:1
FNH:0
FNDA:0,(anonymous_2)
DA:21,0
LF:1
LH:0
BRF:0
BRH:0
end_of_record
TN:
SF:components/Home/HomeLearn.vue
FN:104,(anonymous_2)
FN:108,(anonymous_3)
FN:115,(anonymous_4)
FN:119,(anonymous_5)
FN:142,(anonymous_6)
FN:146,(anonymous_7)
FNF:6
FNH:0
FNDA:0,(anonymous_2)
FNDA:0,(anonymous_3)
FNDA:0,(anonymous_4)
FNDA:0,(anonymous_5)
FNDA:0,(anonymous_6)
FNDA:0,(anonymous_7)
DA:91,0
DA:93,0
DA:109,0
DA:116,0
DA:120,0
DA:121,0
DA:123,0
DA:126,0
DA:128,0
DA:130,0
DA:143,0
DA:147,0
LF:12
LH:0
BRDA:120,0,0,0
BRDA:120,0,1,0
BRF:2
BRH:0
end_of_record
TN:
SF:components/Home/HomeMeet.vue
FN:52,(anonymous_1)
FN:57,(anonymous_2)
FNF:2
FNH:0
FNDA:0,(anonymous_1)
FNDA:0,(anonymous_2)
DA:58,0
LF:1
LH:0
BRF:0
BRH:0
end_of_record
TN:
SF:components/Home/HomeMeetCard.vue
FN:72,(anonymous_2)
FN:77,(anonymous_3)
FN:85,(anonymous_4)
FNF:3
FNH:0
FNDA:0,(anonymous_2)
FNDA:0,(anonymous_3)
FNDA:0,(anonymous_4)
DA:60,0
DA:62,0
DA:78,0
DA:80,0
DA:86,0
DA:87,0
DA:89,0
DA:93,0
LF:8
LH:0
BRF:0
BRH:0
end_of_record
TN:
SF:components/Home/HomeNewListing.vue
FN:13,(anonymous_1)
FNF:1
FNH:0
FNDA:0,(anonymous_1)
LF:0
LH:0
BRF:0
BRH:0
end_of_record
TN:
SF:components/Home/HomeNews.vue
FN:22,(anonymous_1)
FN:27,(anonymous_2)
FNF:2
FNH:0
FNDA:0,(anonymous_1)
FNDA:0,(anonymous_2)
DA:29,0
DA:30,0
LF:2
LH:0
BRF:0
BRH:0
end_of_record
TN:
SF:components/Home/HomeNewsCard.vue
FN:71,(anonymous_2)
FN:75,(anonymous_3)
FN:82,(anonymous_4)
FN:86,(anonymous_5)
FN:109,(anonymous_6)
FN:113,(anonymous_7)
FNF:6
FNH:0
FNDA:0,(anonymous_2)
FNDA:0,(anonymous_3)
FNDA:0,(anonymous_4)
FNDA:0,(anonymous_5)
FNDA:0,(anonymous_6)
FNDA:0,(anonymous_7)
DA:61,0
DA:71,0
DA:76,0
DA:83,0
DA:87,0
DA:88,0
DA:90,0
DA:93,0
DA:95,0
DA:97,0
DA:110,0
DA:114,0
LF:12
LH:0
BRDA:87,0,0,0
BRDA:87,0,1,0
BRF:2
BRH:0
end_of_record
TN:
SF:components/Home/HomeNewsSlider.vue
FN:57,(anonymous_2)
FN:61,(anonymous_3)
FN:111,(anonymous_4)
FN:115,(anonymous_5)
FNF:4
FNH:0
FNDA:0,(anonymous_2)
FNDA:0,(anonymous_3)
FNDA:0,(anonymous_4)
FNDA:0,(anonymous_5)
DA:45,0
DA:46,0
DA:57,0
DA:62,0
DA:112,0
DA:116,0
LF:6
LH:0
BRF:0
BRH:0
end_of_record
TN:
SF:components/Home/HomeNewsSliderItem.vue
FN:66,(anonymous_2)
FN:71,(anonymous_3)
FN:83,(anonymous_4)
FNF:3
FNH:0
FNDA:0,(anonymous_2)
FNDA:0,(anonymous_3)
FNDA:0,(anonymous_4)
DA:56,0
DA:58,0
DA:72,0
DA:73,0
DA:75,0
DA:78,0
DA:84,0
DA:85,0
DA:87,0
DA:91,0
LF:10
LH:0
BRDA:72,0,0,0
BRDA:72,0,1,0
BRDA:84,1,0,0
BRDA:84,1,1,0
BRF:4
BRH:0
end_of_record
TN:
SF:components/Home/HomePromo.vue
FN:15,(anonymous_1)
FN:20,(anonymous_2)
FNF:2
FNH:0
FNDA:0,(anonymous_1)
FNDA:0,(anonymous_2)
DA:15,0
DA:21,0
LF:2
LH:0
BRF:0
BRH:0
end_of_record
TN:
SF:components/Home/HomePromoSlider.vue
FN:40,(anonymous_2)
FN:49,(anonymous_3)
FN:70,(anonymous_4)
FN:71,(anonymous_5)
FN:77,(anonymous_6)
FN:81,(anonymous_7)
FNF:6
FNH:0
FNDA:0,(anonymous_2)
FNDA:0,(anonymous_3)
FNDA:0,(anonymous_4)
FNDA:0,(anonymous_5)
FNDA:0,(anonymous_6)
FNDA:0,(anonymous_7)
DA:28,0
DA:29,0
DA:40,0
DA:50,0
DA:71,0
DA:72,0
DA:78,0
DA:82,0
LF:8
LH:0
BRF:0
BRH:0
end_of_record
TN:
SF:components/Home/HomePromoSliderItem.vue
FN:71,(anonymous_2)
FN:75,(anonymous_3)
FN:91,(anonymous_4)
FN:96,(anonymous_5)
FN:102,(anonymous_6)
FNF:5
FNH:0
FNDA:0,(anonymous_2)
FNDA:0,(anonymous_3)
FNDA:0,(anonymous_4)
FNDA:0,(anonymous_5)
FNDA:0,(anonymous_6)
DA:65,0
DA:76,0
DA:97,0
DA:99,0
DA:103,0
DA:105,0
DA:106,0
DA:107,0
DA:108,0
DA:109,0
DA:111,0
DA:114,0
LF:12
LH:0
BRDA:106,0,0,0
BRDA:106,0,1,0
BRDA:106,1,0,0
BRDA:106,1,1,0
BRDA:108,2,0,0
BRDA:108,2,1,0
BRF:6
BRH:0
end_of_record
TN:
SF:components/Home/HomeSearch.vue
FN:56,(anonymous_2)
FN:60,(anonymous_3)
FN:67,(anonymous_4)
FN:71,(anonymous_5)
FN:77,(anonymous_6)
FNF:5
FNH:0
FNDA:0,(anonymous_2)
FNDA:0,(anonymous_3)
FNDA:0,(anonymous_4)
FNDA:0,(anonymous_5)
FNDA:0,(anonymous_6)
DA:44,0
DA:45,0
DA:61,0
DA:68,0
DA:72,0
DA:73,0
DA:78,0
DA:79,0
DA:82,0
LF:9
LH:0
BRDA:72,0,0,0
BRDA:72,0,1,0
BRDA:78,1,0,0
BRDA:78,1,1,0
BRF:4
BRH:0
end_of_record
TN:
SF:components/Landing/LandingAgents.vue
FN:32,(anonymous_1)
FN:36,(anonymous_2)
FN:49,(anonymous_3)
FN:59,(anonymous_4)
FN:60,(anonymous_5)
FN:71,(anonymous_6)
FNF:6
FNH:0
FNDA:0,(anonymous_1)
FNDA:0,(anonymous_2)
FNDA:0,(anonymous_3)
FNDA:0,(anonymous_4)
FNDA:0,(anonymous_5)
FNDA:0,(anonymous_6)
DA:37,0
DA:50,0
DA:51,0
DA:52,0
DA:53,0
DA:56,0
DA:60,0
DA:61,0
DA:66,0
DA:72,0
LF:10
LH:0
BRDA:50,0,0,0
BRDA:50,0,1,0
BRDA:52,1,0,0
BRDA:52,1,1,0
BRF:4
BRH:0
end_of_record
TN:
SF:components/Landing/LandingAgentsSlider.vue
FN:53,(anonymous_2)
FN:57,(anonymous_3)
FN:103,(anonymous_4)
FN:107,(anonymous_5)
FNF:4
FNH:0
FNDA:0,(anonymous_2)
FNDA:0,(anonymous_3)
FNDA:0,(anonymous_4)
FNDA:0,(anonymous_5)
DA:41,0
DA:42,0
DA:53,0
DA:58,0
DA:104,0
DA:108,0
LF:6
LH:0
BRF:0
BRH:0
end_of_record
TN:
SF:components/Landing/LandingAgentsSliderItem.vue
FN:64,(anonymous_1)
FNF:1
FNH:0
FNDA:0,(anonymous_1)
LF:0
LH:0
BRF:0
BRH:0
end_of_record
TN:
SF:components/Landing/LandingArticles.vue
FN:38,(anonymous_1)
FNF:1
FNH:0
FNDA:0,(anonymous_1)
LF:0
LH:0
BRF:0
BRH:0
end_of_record
TN:
SF:components/Landing/LandingCompanies.vue
FN:39,(anonymous_1)
FN:44,(anonymous_2)
FNF:2
FNH:0
FNDA:0,(anonymous_1)
FNDA:0,(anonymous_2)
DA:45,0
LF:1
LH:0
BRF:0
BRH:0
end_of_record
TN:
SF:components/Landing/LandingInfo.vue
FN:23,(anonymous_1)
FNF:1
FNH:0
FNDA:0,(anonymous_1)
LF:0
LH:0
BRF:0
BRH:0
end_of_record
TN:
SF:components/Landing/LandingListing.vue
FN:31,(anonymous_1)
FNF:1
FNH:0
FNDA:0,(anonymous_1)
LF:0
LH:0
BRF:0
BRH:0
end_of_record
TN:
SF:components/Landing/LandingPlace.vue
FN:32,(anonymous_1)
FN:37,(anonymous_2)
FNF:2
FNH:0
FNDA:0,(anonymous_1)
FNDA:0,(anonymous_2)
DA:38,0
LF:1
LH:0
BRF:0
BRH:0
end_of_record
TN:
SF:components/Landing/LandingPromo.vue
FN:12,(anonymous_1)
FNF:1
FNH:0
FNDA:0,(anonymous_1)
LF:0
LH:0
BRF:0
BRH:0
end_of_record
TN:
SF:components/Landing/LandingPromoSlider.vue
FN:24,(anonymous_1)
FN:28,(anonymous_2)
FNF:2
FNH:0
FNDA:0,(anonymous_1)
FNDA:0,(anonymous_2)
DA:29,0
LF:1
LH:0
BRF:0
BRH:0
end_of_record
TN:
SF:components/Landing/LandingPromoSliderItem.vue
FN:48,(anonymous_1)
FN:53,(anonymous_2)
FNF:2
FNH:0
FNDA:0,(anonymous_1)
FNDA:0,(anonymous_2)
DA:54,0
LF:1
LH:0
BRF:0
BRH:0
end_of_record
TN:
SF:components/Landing/LandingQuestions.vue
FN:72,(anonymous_2)
FN:76,(anonymous_3)
FN:83,(anonymous_4)
FNF:3
FNH:0
FNDA:0,(anonymous_2)
FNDA:0,(anonymous_3)
FNDA:0,(anonymous_4)
DA:60,0
DA:61,0
DA:77,0
DA:84,0
DA:85,0
DA:87,0
LF:6
LH:0
BRDA:84,0,0,0
BRDA:84,0,1,0
BRF:2
BRH:0
end_of_record
TN:
SF:components/Landing/LandingStories.vue
FN:48,(anonymous_1)
FNF:1
FNH:0
FNDA:0,(anonymous_1)
LF:0
LH:0
BRF:0
BRH:0
end_of_record
TN:
SF:components/LifeProgram/LifeProgramMainSlider.vue
FN:43,(anonymous_2)
FN:47,(anonymous_3)
FN:69,(anonymous_4)
FN:73,(anonymous_5)
FNF:4
FNH:0
FNDA:0,(anonymous_2)
FNDA:0,(anonymous_3)
FNDA:0,(anonymous_4)
FNDA:0,(anonymous_5)
DA:32,0
DA:33,0
DA:48,0
DA:70,0
DA:74,0
LF:5
LH:0
BRF:0
BRH:0
end_of_record
TN:
SF:components/LifeProgram/LifeProgramMainSliderItem.vue
FN:45,(anonymous_1)
FN:61,(anonymous_2)
FNF:2
FNH:0
FNDA:0,(anonymous_1)
FNDA:0,(anonymous_2)
LF:0
LH:0
BRF:0
BRH:0
end_of_record
TN:
SF:components/LifeProgram/LifeProgramPartnerships.vue
FN:39,(anonymous_1)
FNF:1
FNH:0
FNDA:0,(anonymous_1)
LF:0
LH:0
BRF:0
BRH:0
end_of_record
TN:
SF:components/LifeProgram/LifeProgramQuote.vue
FN:17,(anonymous_1)
FNF:1
FNH:0
FNDA:0,(anonymous_1)
LF:0
LH:0
BRF:0
BRH:0
end_of_record
TN:
SF:components/LifeProgram/LifeProgramSupport.vue
FN:39,(anonymous_1)
FNF:1
FNH:0
FNDA:0,(anonymous_1)
LF:0
LH:0
BRF:0
BRH:0
end_of_record
TN:
SF:components/Listing/ListingExplore.vue
FN:14,(anonymous_1)
FNF:1
FNH:0
FNDA:0,(anonymous_1)
DA:15,0
LF:1
LH:0
BRF:0
BRH:0
end_of_record
TN:
SF:components/Listing/ListingExploreCard.vue
FN:34,(anonymous_1)
FNF:1
FNH:0
FNDA:0,(anonymous_1)
LF:0
LH:0
BRF:0
BRH:0
end_of_record
TN:
SF:components/Listing/ListingExploreSlider.vue
FN:40,(anonymous_2)
FN:44,(anonymous_3)
FN:66,(anonymous_4)
FN:70,(anonymous_5)
FNF:4
FNH:0
FNDA:0,(anonymous_2)
FNDA:0,(anonymous_3)
FNDA:0,(anonymous_4)
FNDA:0,(anonymous_5)
DA:28,0
DA:29,0
DA:40,0
DA:45,0
DA:67,0
DA:71,0
LF:6
LH:0
BRF:0
BRH:0
end_of_record
TN:
SF:components/Listing/ListingExploreSliderItem.vue
FN:18,(anonymous_1)
FNF:1
FNH:0
FNDA:0,(anonymous_1)
LF:0
LH:0
BRF:0
BRH:0
end_of_record
TN:
SF:components/Listing/ListingGallery.vue
FN:107,(anonymous_2)
FN:112,(anonymous_3)
FN:117,(anonymous_4)
FN:126,(anonymous_5)
FN:136,(anonymous_6)
FN:157,(anonymous_7)
FN:162,(anonymous_8)
FN:166,(anonymous_9)
FN:203,(anonymous_10)
FNF:9
FNH:0
FNDA:0,(anonymous_2)
FNDA:0,(anonymous_3)
FNDA:0,(anonymous_4)
FNDA:0,(anonymous_5)
FNDA:0,(anonymous_6)
FNDA:0,(anonymous_7)
FNDA:0,(anonymous_8)
FNDA:0,(anonymous_9)
FNDA:0,(anonymous_10)
DA:101,0
DA:107,0
DA:127,0
DA:137,0
DA:138,0
DA:141,0
DA:142,0
DA:145,0
DA:146,0
DA:149,0
DA:150,0
DA:153,0
DA:158,0
DA:163,0
DA:167,0
DA:168,0
DA:174,0
DA:175,0
DA:181,0
DA:182,0
DA:188,0
DA:189,0
DA:195,0
DA:196,0
DA:204,0
DA:206,0
DA:207,0
DA:209,0
LF:28
LH:0
BRDA:137,0,0,0
BRDA:137,0,1,0
BRDA:141,1,0,0
BRDA:141,1,1,0
BRDA:145,2,0,0
BRDA:145,2,1,0
BRDA:149,3,0,0
BRDA:149,3,1,0
BRDA:167,4,0,0
BRDA:167,4,1,0
BRDA:174,5,0,0
BRDA:174,5,1,0
BRDA:181,6,0,0
BRDA:181,6,1,0
BRDA:188,7,0,0
BRDA:188,7,1,0
BRDA:195,8,0,0
BRDA:195,8,1,0
BRDA:206,9,0,0
BRDA:206,9,1,0
BRDA:206,10,0,0
BRDA:206,10,1,0
BRF:22
BRH:0
end_of_record
TN:
SF:components/Listing/ListingInfo.vue
FN:80,(anonymous_1)
FN:84,(anonymous_2)
FNF:2
FNH:0
FNDA:0,(anonymous_1)
FNDA:0,(anonymous_2)
DA:85,0
LF:1
LH:0
BRDA:97,0,0,0
BRDA:97,0,1,0
BRDA:101,1,0,0
BRDA:101,1,1,0
BRF:4
BRH:0
end_of_record
TN:
SF:components/Listing/ListingListings.vue
FN:40,(anonymous_1)
FN:49,(anonymous_2)
FN:51,(anonymous_3)
FN:53,(anonymous_4)
FN:89,(anonymous_5)
FNF:5
FNH:0
FNDA:0,(anonymous_1)
FNDA:0,(anonymous_2)
FNDA:0,(anonymous_3)
FNDA:0,(anonymous_4)
FNDA:0,(anonymous_5)
DA:50,0
DA:51,0
DA:52,0
DA:55,0
DA:56,0
DA:57,0
DA:59,0
DA:79,0
DA:80,0
DA:83,0
DA:85,0
DA:90,0
LF:12
LH:0
BRDA:50,0,0,0
BRDA:50,0,1,0
BRDA:50,1,0,0
BRDA:50,1,1,0
BRDA:61,2,0,0
BRDA:61,2,1,0
BRDA:79,3,0,0
BRDA:79,3,1,0
BRF:8
BRH:0
end_of_record
TN:
SF:components/Listing/ListingListingsCard.vue
FN:74,(anonymous_1)
FN:79,(anonymous_2)
FN:102,(anonymous_3)
FN:110,(anonymous_4)
FNF:4
FNH:0
FNDA:0,(anonymous_1)
FNDA:0,(anonymous_2)
FNDA:0,(anonymous_3)
FNDA:0,(anonymous_4)
DA:80,0
DA:99,0
DA:103,0
DA:105,0
DA:111,0
LF:5
LH:0
BRF:0
BRH:0
end_of_record
TN:
SF:components/Listing/ListingOpenTime.vue
FN:45,(anonymous_1)
FN:63,(anonymous_2)
FNF:2
FNH:0
FNDA:0,(anonymous_1)
FNDA:0,(anonymous_2)
DA:46,0
DA:64,0
LF:2
LH:0
BRF:0
BRH:0
end_of_record
TN:
SF:components/Listing/ListingShowing.vue
FN:127,(anonymous_1)
FN:131,(anonymous_2)
FN:178,(anonymous_3)
FN:204,(anonymous_4)
FN:222,(anonymous_5)
FN:245,(anonymous_6)
FN:246,(anonymous_7)
FN:251,(anonymous_8)
FN:255,(anonymous_9)
FN:259,(anonymous_10)
FNF:10
FNH:0
FNDA:0,(anonymous_1)
FNDA:0,(anonymous_2)
FNDA:0,(anonymous_3)
FNDA:0,(anonymous_4)
FNDA:0,(anonymous_5)
FNDA:0,(anonymous_6)
FNDA:0,(anonymous_7)
FNDA:0,(anonymous_8)
FNDA:0,(anonymous_9)
FNDA:0,(anonymous_10)
DA:132,0
DA:179,0
DA:181,0
DA:182,0
DA:184,0
DA:185,0
DA:187,0
DA:188,0
DA:189,0
DA:191,0
DA:192,0
DA:194,0
DA:195,0
DA:197,0
DA:198,0
DA:201,0
DA:205,0
DA:207,0
DA:208,0
DA:213,0
DA:214,0
DA:219,0
DA:220,0
DA:222,0
DA:225,0
DA:226,0
DA:230,0
DA:235,0
DA:236,0
DA:242,0
DA:246,0
DA:247,0
DA:252,0
DA:256,0
DA:260,0
LF:35
LH:0
BRDA:181,0,0,0
BRDA:181,0,1,0
BRDA:181,1,0,0
BRDA:181,1,1,0
BRDA:184,2,0,0
BRDA:184,2,1,0
BRDA:184,3,0,0
BRDA:184,3,1,0
BRDA:187,4,0,0
BRDA:187,4,1,0
BRDA:187,5,0,0
BRDA:187,5,1,0
BRDA:191,6,0,0
BRDA:191,6,1,0
BRDA:191,7,0,0
BRDA:191,7,1,0
BRDA:194,8,0,0
BRDA:194,8,1,0
BRDA:194,9,0,0
BRDA:194,9,1,0
BRDA:197,10,0,0
BRDA:197,10,1,0
BRDA:207,11,0,0
BRDA:207,11,1,0
BRDA:207,12,0,0
BRDA:207,12,1,0
BRDA:213,13,0,0
BRDA:213,13,1,0
BRDA:213,14,0,0
BRDA:213,14,1,0
BRDA:219,15,0,0
BRDA:219,15,1,0
BRDA:219,16,0,0
BRDA:219,16,1,0
BRDA:225,17,0,0
BRDA:225,17,1,0
BRDA:225,18,0,0
BRDA:225,18,1,0
BRDA:225,18,2,0
BRDA:235,19,0,0
BRDA:235,19,1,0
BRDA:235,20,0,0
BRDA:235,20,1,0
BRDA:235,20,2,0
BRDA:252,21,0,0
BRDA:252,21,1,0
BRDA:256,22,0,0
BRDA:256,22,1,0
BRDA:260,23,0,0
BRDA:260,23,1,0
BRF:50
BRH:0
end_of_record
TN:
SF:components/Listing/ListingShowingCard.vue
FN:63,(anonymous_1)
FN:68,(anonymous_2)
FN:76,(anonymous_3)
FN:80,(anonymous_4)
FN:98,(anonymous_5)
FNF:5
FNH:0
FNDA:0,(anonymous_1)
FNDA:0,(anonymous_2)
FNDA:0,(anonymous_3)
FNDA:0,(anonymous_4)
FNDA:0,(anonymous_5)
DA:69,0
DA:70,0
DA:73,0
DA:77,0
DA:81,0
DA:82,0
DA:83,0
DA:88,0
DA:89,0
DA:95,0
DA:99,0
LF:11
LH:0
BRDA:69,0,0,0
BRDA:69,0,1,0
BRDA:69,1,0,0
BRDA:69,1,1,0
BRDA:77,2,0,0
BRDA:77,2,1,0
BRDA:82,3,0,0
BRDA:82,3,1,0
BRDA:82,4,0,0
BRDA:82,4,1,0
BRDA:88,5,0,0
BRDA:88,5,1,0
BRDA:88,6,0,0
BRDA:88,6,1,0
BRDA:91,7,0,0
BRDA:91,7,1,0
BRDA:99,8,0,0
BRDA:99,8,1,0
BRF:18
BRH:0
end_of_record
TN:
SF:components/Listing/ListingShowingReservationCard.vue
FN:128,(anonymous_2)
FN:132,(anonymous_3)
FN:143,(anonymous_4)
FN:147,(anonymous_5)
FNF:4
FNH:0
FNDA:0,(anonymous_2)
FNDA:0,(anonymous_3)
FNDA:0,(anonymous_4)
FNDA:0,(anonymous_5)
DA:118,0
DA:133,0
DA:144,0
DA:148,0
DA:149,0
DA:151,0
DA:154,0
DA:156,0
DA:158,0
LF:9
LH:0
BRDA:148,0,0,0
BRDA:148,0,1,0
BRF:2
BRH:0
end_of_record
TN:
SF:components/LookingBuy/LookingBuyAfford.vue
FN:27,(anonymous_1)
FNF:1
FNH:0
FNDA:0,(anonymous_1)
LF:0
LH:0
BRF:0
BRH:0
end_of_record
TN:
SF:components/LookingBuy/LookingBuyAgent.vue
FN:27,(anonymous_1)
FNF:1
FNH:0
FNDA:0,(anonymous_1)
LF:0
LH:0
BRF:0
BRH:0
end_of_record
TN:
SF:components/LookingBuy/LookingBuyHelp.vue
FN:38,(anonymous_1)
FNF:1
FNH:0
FNDA:0,(anonymous_1)
LF:0
LH:0
BRF:0
BRH:0
end_of_record
TN:
SF:components/LookingBuy/LookingBuyMain.vue
FN:33,(anonymous_1)
FNF:1
FNH:0
FNDA:0,(anonymous_1)
LF:0
LH:0
BRF:0
BRH:0
end_of_record
TN:
SF:components/LookingBuy/LookingBuyProof.vue
FN:35,(anonymous_1)
FNF:1
FNH:0
FNDA:0,(anonymous_1)
LF:0
LH:0
BRF:0
BRH:0
end_of_record
TN:
SF:components/LookingBuy/LookingBuyRental.vue
FN:30,(anonymous_1)
FNF:1
FNH:0
FNDA:0,(anonymous_1)
LF:0
LH:0
BRF:0
BRH:0
end_of_record
TN:
SF:components/LookingSell/LookingSellAgent.vue
FN:28,(anonymous_1)
FNF:1
FNH:0
FNDA:0,(anonymous_1)
LF:0
LH:0
BRF:0
BRH:0
end_of_record
TN:
SF:components/LookingSell/LookingSellCover.vue
FN:14,(anonymous_1)
FNF:1
FNH:0
FNDA:0,(anonymous_1)
LF:0
LH:0
BRF:0
BRH:0
end_of_record
TN:
SF:components/LookingSell/LookingSellMain.vue
FN:40,(anonymous_1)
FNF:1
FNH:0
FNDA:0,(anonymous_1)
LF:0
LH:0
BRF:0
BRH:0
end_of_record
TN:
SF:components/LookingSell/LookingSellProactive.vue
FN:38,(anonymous_1)
FNF:1
FNH:0
FNDA:0,(anonymous_1)
LF:0
LH:0
BRF:0
BRH:0
end_of_record
TN:
SF:components/LookingSell/LookingSellProof.vue
FN:35,(anonymous_1)
FNF:1
FNH:0
FNDA:0,(anonymous_1)
LF:0
LH:0
BRF:0
BRH:0
end_of_record
TN:
SF:components/LookingSell/LookingSellRent.vue
FN:31,(anonymous_1)
FNF:1
FNH:0
FNDA:0,(anonymous_1)
LF:0
LH:0
BRF:0
BRH:0
end_of_record
TN:
SF:components/LookingSell/LookingSellWorks.vue
FN:27,(anonymous_1)
FNF:1
FNH:0
FNDA:0,(anonymous_1)
LF:0
LH:0
BRF:0
BRH:0
end_of_record
TN:
SF:components/Media/MediaFeatured.vue
FN:29,(anonymous_1)
FNF:1
FNH:0
FNDA:0,(anonymous_1)
LF:0
LH:0
BRF:0
BRH:0
end_of_record
TN:
SF:components/Media/MediaMain.vue
FN:33,(anonymous_1)
FNF:1
FNH:0
FNDA:0,(anonymous_1)
LF:0
LH:0
BRF:0
BRH:0
end_of_record
TN:
SF:components/Media/MediaPress.vue
FN:31,(anonymous_1)
FN:35,(anonymous_2)
FN:42,(anonymous_3)
FN:48,(anonymous_4)
FNF:4
FNH:0
FNDA:0,(anonymous_1)
FNDA:0,(anonymous_2)
FNDA:0,(anonymous_3)
FNDA:0,(anonymous_4)
DA:31,0
DA:36,0
DA:43,0
DA:49,0
DA:51,0
LF:5
LH:0
BRF:0
BRH:0
end_of_record
TN:
SF:components/Media/MediaPressItem.vue
FN:28,(anonymous_1)
FN:33,(anonymous_2)
FNF:2
FNH:0
FNDA:0,(anonymous_1)
FNDA:0,(anonymous_2)
DA:34,0
LF:1
LH:0
BRF:0
BRH:0
end_of_record
TN:
SF:components/MeetTeam/MeetTeamContent.vue
FN:48,(anonymous_1)
FNF:1
FNH:0
FNDA:0,(anonymous_1)
DA:48,0
LF:1
LH:0
BRF:0
BRH:0
end_of_record
TN:
SF:components/MeetTeam/MeetTeamMain.vue
FN:33,(anonymous_1)
FNF:1
FNH:0
FNDA:0,(anonymous_1)
LF:0
LH:0
BRF:0
BRH:0
end_of_record
TN:
SF:components/Page/PageAffordabilityCalculator.vue
FN:28,(anonymous_1)
FNF:1
FNH:0
FNDA:0,(anonymous_1)
LF:0
LH:0
BRF:0
BRH:0
end_of_record
TN:
SF:components/Page/PageAgentsCarousel.vue
FN:32,(anonymous_1)
FN:36,(anonymous_2)
FN:49,(anonymous_3)
FN:59,(anonymous_4)
FN:60,(anonymous_5)
FN:71,(anonymous_6)
FNF:6
FNH:0
FNDA:0,(anonymous_1)
FNDA:0,(anonymous_2)
FNDA:0,(anonymous_3)
FNDA:0,(anonymous_4)
FNDA:0,(anonymous_5)
FNDA:0,(anonymous_6)
DA:37,0
DA:50,0
DA:51,0
DA:52,0
DA:53,0
DA:56,0
DA:60,0
DA:61,0
DA:66,0
DA:72,0
LF:10
LH:0
BRDA:50,0,0,0
BRDA:50,0,1,0
BRDA:52,1,0,0
BRDA:52,1,1,0
BRF:4
BRH:0
end_of_record
TN:
SF:components/Page/PageBlogsWithCategory.vue
FN:52,(anonymous_1)
FN:56,(anonymous_2)
FN:63,(anonymous_3)
FNF:3
FNH:0
FNDA:0,(anonymous_1)
FNDA:0,(anonymous_2)
FNDA:0,(anonymous_3)
DA:57,0
DA:64,0
DA:65,0
LF:3
LH:0
BRDA:64,0,0,0
BRDA:64,0,1,0
BRF:2
BRH:0
end_of_record
TN:
SF:components/Page/PageBlogsWithCategoryList.vue
FN:31,(anonymous_1)
FNF:1
FNH:0
FNDA:0,(anonymous_1)
LF:0
LH:0
BRF:0
BRH:0
end_of_record
TN:
SF:components/Page/PageCommunitiesVerticalSlider.vue
FN:31,(anonymous_2)
FNF:1
FNH:0
FNDA:0,(anonymous_2)
DA:21,0
LF:1
LH:0
BRF:0
BRH:0
end_of_record
TN:
SF:components/Page/PageCtaBgPhoto.vue
FN:33,(anonymous_1)
FNF:1
FNH:0
FNDA:0,(anonymous_1)
LF:0
LH:0
BRF:0
BRH:0
end_of_record
TN:
SF:components/Page/PageEmbedForm.vue
FN:12,(anonymous_1)
FNF:1
FNH:0
FNDA:0,(anonymous_1)
LF:0
LH:0
BRF:0
BRH:0
end_of_record
TN:
SF:components/Page/PageFeaturedProperty.vue
FN:30,(anonymous_1)
FNF:1
FNH:0
FNDA:0,(anonymous_1)
LF:0
LH:0
BRF:0
BRH:0
end_of_record
TN:
SF:components/Page/PageFeaturedStory.vue
FN:50,(anonymous_1)
FNF:1
FNH:0
FNDA:0,(anonymous_1)
LF:0
LH:0
BRF:0
BRH:0
end_of_record
TN:
SF:components/Page/PageHero.vue
FN:42,(anonymous_1)
FNF:1
FNH:0
FNDA:0,(anonymous_1)
LF:0
LH:0
BRF:0
BRH:0
end_of_record
TN:
SF:components/Page/PageHeroSlider.vue
FN:43,(anonymous_2)
FN:47,(anonymous_3)
FN:69,(anonymous_4)
FN:73,(anonymous_5)
FNF:4
FNH:0
FNDA:0,(anonymous_2)
FNDA:0,(anonymous_3)
FNDA:0,(anonymous_4)
FNDA:0,(anonymous_5)
DA:32,0
DA:33,0
DA:48,0
DA:70,0
DA:74,0
LF:5
LH:0
BRF:0
BRH:0
end_of_record
TN:
SF:components/Page/PageHeroSliderItem.vue
FN:46,(anonymous_1)
FN:62,(anonymous_2)
FNF:2
FNH:0
FNDA:0,(anonymous_1)
FNDA:0,(anonymous_2)
LF:0
LH:0
BRF:0
BRH:0
end_of_record
TN:
SF:components/Page/PageHorizontalSlider.vue
FN:44,(anonymous_2)
FN:48,(anonymous_3)
FN:74,(anonymous_4)
FN:75,(anonymous_5)
FN:81,(anonymous_6)
FN:85,(anonymous_7)
FNF:6
FNH:0
FNDA:0,(anonymous_2)
FNDA:0,(anonymous_3)
FNDA:0,(anonymous_4)
FNDA:0,(anonymous_5)
FNDA:0,(anonymous_6)
FNDA:0,(anonymous_7)
DA:34,0
DA:44,0
DA:49,0
DA:75,0
DA:76,0
DA:82,0
DA:86,0
LF:7
LH:0
BRF:0
BRH:0
end_of_record
TN:
SF:components/Page/PageHorizontalSliderItem.vue
FN:54,(anonymous_1)
FN:59,(anonymous_2)
FNF:2
FNH:0
FNDA:0,(anonymous_1)
FNDA:0,(anonymous_2)
DA:60,0
LF:1
LH:0
BRF:0
BRH:0
end_of_record
TN:
SF:components/Page/PageIconGrid.vue
FN:46,(anonymous_1)
FN:50,(anonymous_2)
FNF:2
FNH:0
FNDA:0,(anonymous_1)
FNDA:0,(anonymous_2)
DA:51,0
LF:1
LH:0
BRF:0
BRH:0
end_of_record
TN:
SF:components/Page/PageIntroText.vue
FN:39,(anonymous_1)
FNF:1
FNH:0
FNDA:0,(anonymous_1)
LF:0
LH:0
BRF:0
BRH:0
end_of_record
TN:
SF:components/Page/PageLandscape.vue
FN:32,(anonymous_1)
FNF:1
FNH:0
FNDA:0,(anonymous_1)
LF:0
LH:0
BRF:0
BRH:0
end_of_record
TN:
SF:components/Page/PageLatestNews.vue
FN:23,(anonymous_1)
FNF:1
FNH:0
FNDA:0,(anonymous_1)
LF:0
LH:0
BRF:0
BRH:0
end_of_record
TN:
SF:components/Page/PageLocations.vue
FN:25,(anonymous_1)
FNF:1
FNH:0
FNDA:0,(anonymous_1)
LF:0
LH:0
BRF:0
BRH:0
end_of_record
TN:
SF:components/Page/PageLogos.vue
FN:38,(anonymous_1)
FN:43,(anonymous_2)
FNF:2
FNH:0
FNDA:0,(anonymous_1)
FNDA:0,(anonymous_2)
DA:44,0
LF:1
LH:0
BRF:0
BRH:0
end_of_record
TN:
SF:components/Page/PageTabbedContent.vue
FN:30,(anonymous_2)
FNF:1
FNH:0
FNDA:0,(anonymous_2)
DA:21,0
LF:1
LH:0
BRF:0
BRH:0
end_of_record
TN:
SF:components/Page/PageTabbedContentCard.vue
FN:72,(anonymous_2)
FN:76,(anonymous_3)
FN:83,(anonymous_4)
FN:87,(anonymous_5)
FN:110,(anonymous_6)
FN:114,(anonymous_7)
FNF:6
FNH:0
FNDA:0,(anonymous_2)
FNDA:0,(anonymous_3)
FNDA:0,(anonymous_4)
FNDA:0,(anonymous_5)
FNDA:0,(anonymous_6)
FNDA:0,(anonymous_7)
DA:62,0
DA:72,0
DA:77,0
DA:84,0
DA:88,0
DA:89,0
DA:91,0
DA:94,0
DA:96,0
DA:98,0
DA:111,0
DA:115,0
LF:12
LH:0
BRDA:88,0,0,0
BRDA:88,0,1,0
BRF:2
BRH:0
end_of_record
TN:
SF:components/Page/PageTabbedContentWithBackground.vue
FN:30,(anonymous_2)
FNF:1
FNH:0
FNDA:0,(anonymous_2)
DA:21,0
LF:1
LH:0
BRF:0
BRH:0
end_of_record
TN:
SF:components/Page/PageTabbedContentWithBackgroundCard.vue
FN:70,(anonymous_2)
FN:74,(anonymous_3)
FN:81,(anonymous_4)
FN:85,(anonymous_5)
FN:108,(anonymous_6)
FN:112,(anonymous_7)
FNF:6
FNH:0
FNDA:0,(anonymous_2)
FNDA:0,(anonymous_3)
FNDA:0,(anonymous_4)
FNDA:0,(anonymous_5)
FNDA:0,(anonymous_6)
FNDA:0,(anonymous_7)
DA:60,0
DA:70,0
DA:75,0
DA:82,0
DA:86,0
DA:87,0
DA:89,0
DA:92,0
DA:94,0
DA:96,0
DA:109,0
DA:113,0
LF:12
LH:0
BRDA:86,0,0,0
BRDA:86,0,1,0
BRF:2
BRH:0
end_of_record
TN:
SF:components/Page/PageTextBlock.vue
FN:38,(anonymous_1)
FNF:1
FNH:0
FNDA:0,(anonymous_1)
LF:0
LH:0
BRF:0
BRH:0
end_of_record
TN:
SF:components/Page/PageTextBlockWithImage.vue
FN:31,(anonymous_1)
FN:36,(anonymous_2)
FNF:2
FNH:0
FNDA:0,(anonymous_1)
FNDA:0,(anonymous_2)
DA:37,0
LF:1
LH:0
BRF:0
BRH:0
end_of_record
TN:
SF:components/Page/PageTextBlockWithMediaGrid.vue
FN:52,(anonymous_1)
FN:57,(anonymous_2)
FNF:2
FNH:0
FNDA:0,(anonymous_1)
FNDA:0,(anonymous_2)
DA:58,0
LF:1
LH:0
BRF:0
BRH:0
end_of_record
TN:
SF:components/Page/PageThreeColumnTestimonials.vue
FN:39,(anonymous_1)
FNF:1
FNH:0
FNDA:0,(anonymous_1)
LF:0
LH:0
BRF:0
BRH:0
end_of_record
TN:
SF:components/Page/PageTwoColumnCta.vue
FN:52,(anonymous_1)
FN:56,(anonymous_2)
FNF:2
FNH:0
FNDA:0,(anonymous_1)
FNDA:0,(anonymous_2)
DA:57,0
LF:1
LH:0
BRF:0
BRH:0
end_of_record
TN:
SF:components/Page/PageVerticalSlider.vue
FN:53,(anonymous_2)
FN:57,(anonymous_3)
FN:84,(anonymous_4)
FN:85,(anonymous_5)
FN:91,(anonymous_6)
FN:95,(anonymous_7)
FN:99,(anonymous_8)
FNF:7
FNH:0
FNDA:0,(anonymous_2)
FNDA:0,(anonymous_3)
FNDA:0,(anonymous_4)
FNDA:0,(anonymous_5)
FNDA:0,(anonymous_6)
FNDA:0,(anonymous_7)
FNDA:0,(anonymous_8)
DA:41,0
DA:42,0
DA:53,0
DA:58,0
DA:85,0
DA:86,0
DA:92,0
DA:96,0
DA:100,0
LF:9
LH:0
BRF:0
BRH:0
end_of_record
TN:
SF:components/Page/PageVerticalSliderItem.vue
FN:47,(anonymous_1)
FN:52,(anonymous_2)
FN:56,(anonymous_3)
FNF:3
FNH:0
FNDA:0,(anonymous_1)
FNDA:0,(anonymous_2)
FNDA:0,(anonymous_3)
DA:53,0
DA:57,0
LF:2
LH:0
BRF:0
BRH:0
end_of_record
TN:
SF:components/Page/PageVideoRow.vue
FN:49,(anonymous_2)
FN:54,(anonymous_3)
FNF:2
FNH:0
FNDA:0,(anonymous_2)
FNDA:0,(anonymous_3)
DA:38,0
DA:40,0
DA:55,0
DA:56,0
DA:58,0
DA:62,0
LF:6
LH:0
BRDA:55,0,0,0
BRDA:55,0,1,0
BRF:2
BRH:0
end_of_record
TN:
SF:components/Page/PageWysiwyg.vue
FN:23,(anonymous_1)
FNF:1
FNH:0
FNDA:0,(anonymous_1)
LF:0
LH:0
BRF:0
BRH:0
end_of_record
TN:
SF:components/Policy/PolicyContent.vue
FN:21,(anonymous_1)
FNF:1
FNH:0
FNDA:0,(anonymous_1)
LF:0
LH:0
BRF:0
BRH:0
end_of_record
TN:
SF:components/Property/PropertyExplore.vue
FN:17,(anonymous_1)
FNF:1
FNH:0
FNDA:0,(anonymous_1)
LF:0
LH:0
BRF:0
BRH:0
end_of_record
TN:
SF:components/Property/PropertyExploreCard.vue
FN:34,(anonymous_1)
FNF:1
FNH:0
FNDA:0,(anonymous_1)
LF:0
LH:0
BRF:0
BRH:0
end_of_record
TN:
SF:components/Property/PropertyExploreSlider.vue
FN:40,(anonymous_2)
FN:44,(anonymous_3)
FN:66,(anonymous_4)
FN:70,(anonymous_5)
FNF:4
FNH:0
FNDA:0,(anonymous_2)
FNDA:0,(anonymous_3)
FNDA:0,(anonymous_4)
FNDA:0,(anonymous_5)
DA:28,0
DA:29,0
DA:40,0
DA:45,0
DA:67,0
DA:71,0
LF:6
LH:0
BRF:0
BRH:0
end_of_record
TN:
SF:components/Property/PropertyExploreSliderItem.vue
FN:18,(anonymous_1)
FNF:1
FNH:0
FNDA:0,(anonymous_1)
LF:0
LH:0
BRF:0
BRH:0
end_of_record
TN:
SF:components/Property/PropertyGallery.vue
FN:107,(anonymous_1)
FN:111,(anonymous_2)
FN:121,(anonymous_3)
FN:142,(anonymous_4)
FN:147,(anonymous_5)
FN:151,(anonymous_6)
FNF:6
FNH:0
FNDA:0,(anonymous_1)
FNDA:0,(anonymous_2)
FNDA:0,(anonymous_3)
FNDA:0,(anonymous_4)
FNDA:0,(anonymous_5)
FNDA:0,(anonymous_6)
DA:107,0
DA:112,0
DA:122,0
DA:123,0
DA:126,0
DA:127,0
DA:130,0
DA:131,0
DA:134,0
DA:135,0
DA:138,0
DA:143,0
DA:148,0
DA:152,0
DA:153,0
DA:159,0
DA:160,0
DA:166,0
DA:167,0
DA:173,0
DA:174,0
DA:180,0
DA:181,0
LF:23
LH:0
BRDA:122,0,0,0
BRDA:122,0,1,0
BRDA:126,1,0,0
BRDA:126,1,1,0
BRDA:130,2,0,0
BRDA:130,2,1,0
BRDA:134,3,0,0
BRDA:134,3,1,0
BRDA:152,4,0,0
BRDA:152,4,1,0
BRDA:152,5,0,0
BRDA:152,5,1,0
BRDA:159,6,0,0
BRDA:159,6,1,0
BRDA:159,7,0,0
BRDA:159,7,1,0
BRDA:166,8,0,0
BRDA:166,8,1,0
BRDA:166,9,0,0
BRDA:166,9,1,0
BRDA:173,10,0,0
BRDA:173,10,1,0
BRDA:173,11,0,0
BRDA:173,11,1,0
BRDA:180,12,0,0
BRDA:180,12,1,0
BRDA:180,13,0,0
BRDA:180,13,1,0
BRF:28
BRH:0
end_of_record
TN:
SF:components/Property/PropertyInfo.vue
FN:83,(anonymous_1)
FN:87,(anonymous_2)
FN:111,(anonymous_3)
FNF:3
FNH:0
FNDA:0,(anonymous_1)
FNDA:0,(anonymous_2)
FNDA:0,(anonymous_3)
DA:88,0
DA:112,0
DA:114,0
LF:3
LH:0
BRF:0
BRH:0
end_of_record
TN:
SF:components/Property/PropertyListings.vue
FN:40,(anonymous_1)
FN:45,(anonymous_2)
FNF:2
FNH:0
FNDA:0,(anonymous_1)
FNDA:0,(anonymous_2)
DA:46,0
LF:1
LH:0
BRF:0
BRH:0
end_of_record
TN:
SF:components/Property/PropertyListingsCard.vue
FN:67,(anonymous_1)
FN:72,(anonymous_2)
FN:95,(anonymous_3)
FN:103,(anonymous_4)
FNF:4
FNH:0
FNDA:0,(anonymous_1)
FNDA:0,(anonymous_2)
FNDA:0,(anonymous_3)
FNDA:0,(anonymous_4)
DA:73,0
DA:92,0
DA:96,0
DA:98,0
DA:104,0
LF:5
LH:0
BRDA:88,0,0,0
BRDA:88,0,1,0
BRDA:96,1,0,0
BRDA:96,1,1,0
BRF:4
BRH:0
end_of_record
TN:
SF:components/Property/PropertyOpenTime.vue
FN:22,(anonymous_1)
FNF:1
FNH:0
FNDA:0,(anonymous_1)
LF:0
LH:0
BRF:0
BRH:0
end_of_record
TN:
SF:components/Property/PropertyShowing.vue
FN:150,(anonymous_1)
FN:155,(anonymous_2)
FN:159,(anonymous_3)
FN:196,(anonymous_4)
FNF:4
FNH:0
FNDA:0,(anonymous_1)
FNDA:0,(anonymous_2)
FNDA:0,(anonymous_3)
FNDA:0,(anonymous_4)
DA:160,0
DA:197,0
DA:199,0
LF:3
LH:0
BRF:0
BRH:0
end_of_record
TN:
SF:components/Property/PropertyShowingCard.vue
FN:67,(anonymous_1)
FN:71,(anonymous_2)
FNF:2
FNH:0
FNDA:0,(anonymous_1)
FNDA:0,(anonymous_2)
DA:72,0
LF:1
LH:0
BRF:0
BRH:0
end_of_record
TN:
SF:components/Property/PropertyShowingReservationCard.vue
FN:113,(anonymous_1)
FN:117,(anonymous_2)
FN:127,(anonymous_3)
FNF:3
FNH:0
FNDA:0,(anonymous_1)
FNDA:0,(anonymous_2)
FNDA:0,(anonymous_3)
DA:118,0
DA:128,0
LF:2
LH:0
BRF:0
BRH:0
end_of_record
TN:
SF:components/Relocation/RelocationFind.vue
FN:26,(anonymous_1)
FNF:1
FNH:0
FNDA:0,(anonymous_1)
LF:0
LH:0
BRF:0
BRH:0
end_of_record
TN:
SF:components/Relocation/RelocationHelp.vue
FN:48,(anonymous_1)
FN:53,(anonymous_2)
FNF:2
FNH:0
FNDA:0,(anonymous_1)
FNDA:0,(anonymous_2)
LF:0
LH:0
BRF:0
BRH:0
end_of_record
TN:
SF:components/Relocation/RelocationLocation.vue
FN:49,(anonymous_1)
FN:54,(anonymous_2)
FN:59,(anonymous_3)
FNF:3
FNH:0
FNDA:0,(anonymous_1)
FNDA:0,(anonymous_2)
FNDA:0,(anonymous_3)
LF:0
LH:0
BRF:0
BRH:0
end_of_record
TN:
SF:components/Relocation/RelocationMainSlider.vue
FN:43,(anonymous_2)
FN:47,(anonymous_3)
FN:69,(anonymous_4)
FN:73,(anonymous_5)
FNF:4
FNH:0
FNDA:0,(anonymous_2)
FNDA:0,(anonymous_3)
FNDA:0,(anonymous_4)
FNDA:0,(anonymous_5)
DA:32,0
DA:33,0
DA:48,0
DA:70,0
DA:74,0
LF:5
LH:0
BRF:0
BRH:0
end_of_record
TN:
SF:components/Relocation/RelocationMainSliderItem.vue
FN:45,(anonymous_1)
FN:61,(anonymous_2)
FNF:2
FNH:0
FNDA:0,(anonymous_1)
FNDA:0,(anonymous_2)
LF:0
LH:0
BRF:0
BRH:0
end_of_record
TN:
SF:components/Relocation/RelocationNeighborhoods.vue
FN:27,(anonymous_1)
FNF:1
FNH:0
FNDA:0,(anonymous_1)
LF:0
LH:0
BRF:0
BRH:0
end_of_record
TN:
SF:components/Relocation/RelocationReviews.vue
FN:33,(anonymous_1)
FNF:1
FNH:0
FNDA:0,(anonymous_1)
LF:0
LH:0
BRF:0
BRH:0
end_of_record
TN:
SF:components/SearchHome/SearchHomeFilterDesktop.vue
FN:355,(anonymous_2)
FN:364,(anonymous_3)
FN:397,(anonymous_4)
FN:404,(anonymous_5)
FN:452,(anonymous_6)
FN:458,(anonymous_7)
FN:464,(anonymous_8)
FN:470,(anonymous_9)
FN:476,(anonymous_10)
FN:488,(anonymous_11)
FN:496,(anonymous_12)
FN:522,(anonymous_13)
FN:528,(anonymous_14)
FN:534,(anonymous_15)
FN:540,(anonymous_16)
FN:546,(anonymous_17)
FN:559,(anonymous_18)
FNF:17
FNH:0
FNDA:0,(anonymous_2)
FNDA:0,(anonymous_3)
FNDA:0,(anonymous_4)
FNDA:0,(anonymous_5)
FNDA:0,(anonymous_6)
FNDA:0,(anonymous_7)
FNDA:0,(anonymous_8)
FNDA:0,(anonymous_9)
FNDA:0,(anonymous_10)
FNDA:0,(anonymous_11)
FNDA:0,(anonymous_12)
FNDA:0,(anonymous_13)
FNDA:0,(anonymous_14)
FNDA:0,(anonymous_15)
FNDA:0,(anonymous_16)
FNDA:0,(anonymous_17)
FNDA:0,(anonymous_18)
DA:347,0
DA:349,0
DA:365,0
DA:398,0
DA:400,0
DA:405,0
DA:406,0
DA:407,0
DA:408,0
DA:409,0
DA:410,0
DA:411,0
DA:412,0
DA:413,0
DA:414,0
DA:415,0
DA:416,0
DA:418,0
DA:419,0
DA:421,0
DA:422,0
DA:424,0
DA:425,0
DA:427,0
DA:428,0
DA:430,0
DA:431,0
DA:433,0
DA:434,0
DA:436,0
DA:437,0
DA:440,0
DA:441,0
DA:442,0
DA:453,0
DA:459,0
DA:461,0
DA:465,0
DA:467,0
DA:471,0
DA:472,0
DA:477,0
DA:478,0
DA:480,0
DA:482,0
DA:485,0
DA:489,0
DA:490,0
DA:493,0
DA:497,0
DA:498,0
DA:499,0
DA:501,0
DA:502,0
DA:505,0
DA:506,0
DA:509,0
DA:510,0
DA:513,0
DA:514,0
DA:516,0
DA:518,0
DA:523,0
DA:524,0
DA:529,0
DA:530,0
DA:535,0
DA:536,0
DA:541,0
DA:542,0
DA:547,0
DA:548,0
DA:549,0
DA:550,0
DA:551,0
DA:552,0
DA:553,0
DA:554,0
DA:555,0
DA:556,0
DA:560,0
DA:561,0
DA:563,0
DA:564,0
DA:565,0
DA:567,0
DA:569,0
DA:570,0
DA:573,0
DA:574,0
DA:577,0
DA:578,0
DA:581,0
DA:589,0
DA:592,0
DA:593,0
DA:596,0
DA:597,0
DA:600,0
DA:601,0
DA:604,0
DA:605,0
DA:608,0
DA:609,0
DA:612,0
DA:613,0
DA:616,0
DA:617,0
DA:620,0
DA:621,0
DA:624,0
DA:625,0
DA:628,0
DA:630,0
DA:632,0
DA:638,0
DA:639,0
DA:641,0
DA:643,0
DA:648,0
DA:651,0
LF:121
LH:0
BRDA:405,0,0,0
BRDA:405,0,1,0
BRDA:407,1,0,0
BRDA:407,1,1,0
BRDA:409,2,0,0
BRDA:409,2,1,0
BRDA:411,3,0,0
BRDA:411,3,1,0
BRDA:413,4,0,0
BRDA:413,4,1,0
BRDA:415,5,0,0
BRDA:415,5,1,0
BRDA:418,6,0,0
BRDA:418,6,1,0
BRDA:421,7,0,0
BRDA:421,7,1,0
BRDA:424,8,0,0
BRDA:424,8,1,0
BRDA:427,9,0,0
BRDA:427,9,1,0
BRDA:430,10,0,0
BRDA:430,10,1,0
BRDA:433,11,0,0
BRDA:433,11,1,0
BRDA:436,12,0,0
BRDA:436,12,1,0
BRDA:471,13,0,0
BRDA:471,13,1,0
BRDA:471,14,0,0
BRDA:471,14,1,0
BRDA:477,15,0,0
BRDA:477,15,1,0
BRDA:489,16,0,0
BRDA:489,16,1,0
BRDA:497,17,0,0
BRDA:497,17,1,0
BRDA:497,18,0,0
BRDA:497,18,1,0
BRDA:501,19,0,0
BRDA:501,19,1,0
BRDA:501,20,0,0
BRDA:501,20,1,0
BRDA:505,21,0,0
BRDA:505,21,1,0
BRDA:505,22,0,0
BRDA:505,22,1,0
BRDA:509,23,0,0
BRDA:509,23,1,0
BRDA:509,24,0,0
BRDA:509,24,1,0
BRDA:513,25,0,0
BRDA:513,25,1,0
BRDA:513,26,0,0
BRDA:513,26,1,0
BRDA:523,27,0,0
BRDA:523,27,1,0
BRDA:529,28,0,0
BRDA:529,28,1,0
BRDA:535,29,0,0
BRDA:535,29,1,0
BRDA:541,30,0,0
BRDA:541,30,1,0
BRDA:569,31,0,0
BRDA:569,31,1,0
BRDA:569,32,0,0
BRDA:569,32,1,0
BRDA:573,33,0,0
BRDA:573,33,1,0
BRDA:573,34,0,0
BRDA:573,34,1,0
BRDA:577,35,0,0
BRDA:577,35,1,0
BRDA:577,36,0,0
BRDA:577,36,1,0
BRDA:581,37,0,0
BRDA:581,37,1,0
BRDA:581,38,0,0
BRDA:581,38,1,0
BRDA:581,38,2,0
BRDA:581,38,3,0
BRDA:581,38,4,0
BRDA:581,38,5,0
BRDA:592,39,0,0
BRDA:592,39,1,0
BRDA:592,40,0,0
BRDA:592,40,1,0
BRDA:596,41,0,0
BRDA:596,41,1,0
BRDA:596,42,0,0
BRDA:596,42,1,0
BRDA:600,43,0,0
BRDA:600,43,1,0
BRDA:600,44,0,0
BRDA:600,44,1,0
BRDA:604,45,0,0
BRDA:604,45,1,0
BRDA:604,46,0,0
BRDA:604,46,1,0
BRDA:608,47,0,0
BRDA:608,47,1,0
BRDA:612,48,0,0
BRDA:612,48,1,0
BRDA:616,49,0,0
BRDA:616,49,1,0
BRDA:620,50,0,0
BRDA:620,50,1,0
BRDA:624,51,0,0
BRDA:624,51,1,0
BRF:108
BRH:0
end_of_record
TN:
SF:components/SearchHome/SearchHomeFilterMobile.vue
FN:370,(anonymous_2)
FN:379,(anonymous_3)
FN:412,(anonymous_4)
FN:419,(anonymous_5)
FN:467,(anonymous_6)
FN:473,(anonymous_7)
FN:479,(anonymous_8)
FN:485,(anonymous_9)
FN:491,(anonymous_10)
FN:503,(anonymous_11)
FN:511,(anonymous_12)
FN:537,(anonymous_13)
FN:543,(anonymous_14)
FN:549,(anonymous_15)
FN:555,(anonymous_16)
FN:561,(anonymous_17)
FN:574,(anonymous_18)
FNF:17
FNH:0
FNDA:0,(anonymous_2)
FNDA:0,(anonymous_3)
FNDA:0,(anonymous_4)
FNDA:0,(anonymous_5)
FNDA:0,(anonymous_6)
FNDA:0,(anonymous_7)
FNDA:0,(anonymous_8)
FNDA:0,(anonymous_9)
FNDA:0,(anonymous_10)
FNDA:0,(anonymous_11)
FNDA:0,(anonymous_12)
FNDA:0,(anonymous_13)
FNDA:0,(anonymous_14)
FNDA:0,(anonymous_15)
FNDA:0,(anonymous_16)
FNDA:0,(anonymous_17)
FNDA:0,(anonymous_18)
DA:362,0
DA:364,0
DA:380,0
DA:413,0
DA:415,0
DA:420,0
DA:421,0
DA:422,0
DA:423,0
DA:424,0
DA:425,0
DA:426,0
DA:427,0
DA:428,0
DA:429,0
DA:430,0
DA:431,0
DA:433,0
DA:434,0
DA:436,0
DA:437,0
DA:439,0
DA:440,0
DA:442,0
DA:443,0
DA:445,0
DA:446,0
DA:448,0
DA:449,0
DA:451,0
DA:452,0
DA:455,0
DA:456,0
DA:457,0
DA:468,0
DA:474,0
DA:476,0
DA:480,0
DA:482,0
DA:486,0
DA:487,0
DA:492,0
DA:493,0
DA:495,0
DA:497,0
DA:500,0
DA:504,0
DA:505,0
DA:508,0
DA:512,0
DA:513,0
DA:514,0
DA:516,0
DA:517,0
DA:520,0
DA:521,0
DA:524,0
DA:525,0
DA:528,0
DA:529,0
DA:531,0
DA:533,0
DA:538,0
DA:539,0
DA:544,0
DA:545,0
DA:550,0
DA:551,0
DA:556,0
DA:557,0
DA:562,0
DA:563,0
DA:564,0
DA:565,0
DA:566,0
DA:567,0
DA:568,0
DA:569,0
DA:570,0
DA:571,0
DA:575,0
DA:576,0
DA:578,0
DA:579,0
DA:580,0
DA:582,0
DA:584,0
DA:585,0
DA:588,0
DA:589,0
DA:592,0
DA:593,0
DA:596,0
DA:604,0
DA:607,0
DA:608,0
DA:611,0
DA:612,0
DA:615,0
DA:616,0
DA:619,0
DA:620,0
DA:623,0
DA:624,0
DA:627,0
DA:628,0
DA:631,0
DA:632,0
DA:635,0
DA:636,0
DA:639,0
DA:640,0
DA:643,0
DA:645,0
DA:647,0
DA:653,0
DA:654,0
DA:656,0
DA:658,0
DA:663,0
DA:666,0
LF:121
LH:0
BRDA:420,0,0,0
BRDA:420,0,1,0
BRDA:422,1,0,0
BRDA:422,1,1,0
BRDA:424,2,0,0
BRDA:424,2,1,0
BRDA:426,3,0,0
BRDA:426,3,1,0
BRDA:428,4,0,0
BRDA:428,4,1,0
BRDA:430,5,0,0
BRDA:430,5,1,0
BRDA:433,6,0,0
BRDA:433,6,1,0
BRDA:436,7,0,0
BRDA:436,7,1,0
BRDA:439,8,0,0
BRDA:439,8,1,0
BRDA:442,9,0,0
BRDA:442,9,1,0
BRDA:445,10,0,0
BRDA:445,10,1,0
BRDA:448,11,0,0
BRDA:448,11,1,0
BRDA:451,12,0,0
BRDA:451,12,1,0
BRDA:486,13,0,0
BRDA:486,13,1,0
BRDA:486,14,0,0
BRDA:486,14,1,0
BRDA:492,15,0,0
BRDA:492,15,1,0
BRDA:504,16,0,0
BRDA:504,16,1,0
BRDA:512,17,0,0
BRDA:512,17,1,0
BRDA:512,18,0,0
BRDA:512,18,1,0
BRDA:516,19,0,0
BRDA:516,19,1,0
BRDA:516,20,0,0
BRDA:516,20,1,0
BRDA:520,21,0,0
BRDA:520,21,1,0
BRDA:520,22,0,0
BRDA:520,22,1,0
BRDA:524,23,0,0
BRDA:524,23,1,0
BRDA:524,24,0,0
BRDA:524,24,1,0
BRDA:528,25,0,0
BRDA:528,25,1,0
BRDA:528,26,0,0
BRDA:528,26,1,0
BRDA:538,27,0,0
BRDA:538,27,1,0
BRDA:544,28,0,0
BRDA:544,28,1,0
BRDA:550,29,0,0
BRDA:550,29,1,0
BRDA:556,30,0,0
BRDA:556,30,1,0
BRDA:584,31,0,0
BRDA:584,31,1,0
BRDA:584,32,0,0
BRDA:584,32,1,0
BRDA:588,33,0,0
BRDA:588,33,1,0
BRDA:588,34,0,0
BRDA:588,34,1,0
BRDA:592,35,0,0
BRDA:592,35,1,0
BRDA:592,36,0,0
BRDA:592,36,1,0
BRDA:596,37,0,0
BRDA:596,37,1,0
BRDA:596,38,0,0
BRDA:596,38,1,0
BRDA:596,38,2,0
BRDA:596,38,3,0
BRDA:596,38,4,0
BRDA:596,38,5,0
BRDA:607,39,0,0
BRDA:607,39,1,0
BRDA:607,40,0,0
BRDA:607,40,1,0
BRDA:611,41,0,0
BRDA:611,41,1,0
BRDA:611,42,0,0
BRDA:611,42,1,0
BRDA:615,43,0,0
BRDA:615,43,1,0
BRDA:615,44,0,0
BRDA:615,44,1,0
BRDA:619,45,0,0
BRDA:619,45,1,0
BRDA:619,46,0,0
BRDA:619,46,1,0
BRDA:623,47,0,0
BRDA:623,47,1,0
BRDA:627,48,0,0
BRDA:627,48,1,0
BRDA:631,49,0,0
BRDA:631,49,1,0
BRDA:635,50,0,0
BRDA:635,50,1,0
BRDA:639,51,0,0
BRDA:639,51,1,0
BRF:108
BRH:0
end_of_record
TN:
SF:components/SearchHome/SearchHomeListingsList.vue
FN:56,(anonymous_2)
FN:65,(anonymous_3)
FN:78,(anonymous_4)
FN:82,(anonymous_5)
FN:88,(anonymous_6)
FN:102,(anonymous_7)
FN:121,(anonymous_8)
FNF:7
FNH:0
FNDA:0,(anonymous_2)
FNDA:0,(anonymous_3)
FNDA:0,(anonymous_4)
FNDA:0,(anonymous_5)
FNDA:0,(anonymous_6)
FNDA:0,(anonymous_7)
FNDA:0,(anonymous_8)
DA:47,0
DA:49,0
DA:66,0
DA:79,0
DA:83,0
DA:89,0
DA:90,0
DA:93,0
DA:103,0
DA:105,0
DA:107,0
DA:112,0
DA:114,0
DA:115,0
DA:117,0
DA:122,0
DA:124,0
DA:126,0
DA:131,0
DA:133,0
DA:134,0
DA:136,0
LF:22
LH:0
BRDA:79,0,0,0
BRDA:79,0,1,0
BRDA:89,1,0,0
BRDA:89,1,1,0
BRF:4
BRH:0
end_of_record
TN:
SF:components/SearchHome/SearchHomeListingsListCard.vue
FN:86,(anonymous_2)
FN:91,(anonymous_3)
FN:120,(anonymous_4)
FN:128,(anonymous_5)
FN:135,(anonymous_6)
FN:139,(anonymous_7)
FNF:6
FNH:0
FNDA:0,(anonymous_2)
FNDA:0,(anonymous_3)
FNDA:0,(anonymous_4)
FNDA:0,(anonymous_5)
FNDA:0,(anonymous_6)
FNDA:0,(anonymous_7)
DA:78,0
DA:80,0
DA:92,0
DA:111,0
DA:121,0
DA:122,0
DA:123,0
DA:129,0
DA:130,0
DA:132,0
DA:136,0
DA:140,0
DA:142,0
DA:143,0
DA:145,0
DA:150,0
DA:152,0
DA:153,0
DA:155,0
LF:19
LH:0
BRDA:95,0,0,0
BRDA:95,0,1,0
BRDA:99,1,0,0
BRDA:99,1,1,0
BRDA:103,2,0,0
BRDA:103,2,1,0
BRDA:107,3,0,0
BRDA:107,3,1,0
BRF:8
BRH:0
end_of_record
TN:
SF:components/SearchHome/SearchHomeListingsListCardAuthor.vue
FN:86,(anonymous_2)
FN:91,(anonymous_3)
FN:120,(anonymous_4)
FN:128,(anonymous_5)
FN:135,(anonymous_6)
FNF:5
FNH:0
FNDA:0,(anonymous_2)
FNDA:0,(anonymous_3)
FNDA:0,(anonymous_4)
FNDA:0,(anonymous_5)
FNDA:0,(anonymous_6)
DA:78,0
DA:80,0
DA:92,0
DA:111,0
DA:121,0
DA:123,0
DA:129,0
DA:130,0
DA:132,0
DA:136,0
DA:138,0
DA:139,0
DA:141,0
DA:146,0
DA:148,0
DA:149,0
DA:151,0
LF:17
LH:0
BRDA:95,0,0,0
BRDA:95,0,1,0
BRDA:99,1,0,0
BRDA:99,1,1,0
BRDA:103,2,0,0
BRDA:103,2,1,0
BRDA:107,3,0,0
BRDA:107,3,1,0
BRF:8
BRH:0
end_of_record
TN:
SF:components/SearchHome/SearchHomeListingsTile.vue
FN:101,(anonymous_2)
FN:110,(anonymous_3)
FN:123,(anonymous_4)
FN:127,(anonymous_5)
FN:133,(anonymous_6)
FN:147,(anonymous_7)
FN:166,(anonymous_8)
FNF:7
FNH:0
FNDA:0,(anonymous_2)
FNDA:0,(anonymous_3)
FNDA:0,(anonymous_4)
FNDA:0,(anonymous_5)
FNDA:0,(anonymous_6)
FNDA:0,(anonymous_7)
FNDA:0,(anonymous_8)
DA:92,0
DA:94,0
DA:111,0
DA:124,0
DA:128,0
DA:134,0
DA:135,0
DA:138,0
DA:148,0
DA:150,0
DA:152,0
DA:157,0
DA:159,0
DA:160,0
DA:162,0
DA:167,0
DA:169,0
DA:171,0
DA:176,0
DA:178,0
DA:179,0
DA:181,0
LF:22
LH:0
BRDA:124,0,0,0
BRDA:124,0,1,0
BRDA:134,1,0,0
BRDA:134,1,1,0
BRF:4
BRH:0
end_of_record
TN:
SF:components/SearchHome/SearchHomeListingsTileCard.vue
FN:86,(anonymous_2)
FN:101,(anonymous_3)
FN:124,(anonymous_4)
FN:142,(anonymous_5)
FN:146,(anonymous_6)
FN:154,(anonymous_7)
FN:161,(anonymous_8)
FN:165,(anonymous_9)
FNF:8
FNH:0
FNDA:0,(anonymous_2)
FNDA:0,(anonymous_3)
FNDA:0,(anonymous_4)
FNDA:0,(anonymous_5)
FNDA:0,(anonymous_6)
FNDA:0,(anonymous_7)
FNDA:0,(anonymous_8)
FNDA:0,(anonymous_9)
DA:78,0
DA:80,0
DA:102,0
DA:121,0
DA:125,0
DA:126,0
DA:129,0
DA:130,0
DA:133,0
DA:143,0
DA:147,0
DA:148,0
DA:149,0
DA:155,0
DA:156,0
DA:158,0
DA:162,0
DA:166,0
DA:168,0
DA:169,0
DA:171,0
DA:176,0
DA:178,0
DA:179,0
DA:181,0
LF:25
LH:0
BRDA:105,0,0,0
BRDA:105,0,1,0
BRDA:109,1,0,0
BRDA:109,1,1,0
BRDA:113,2,0,0
BRDA:113,2,1,0
BRDA:117,3,0,0
BRDA:117,3,1,0
BRDA:125,4,0,0
BRDA:125,4,1,0
BRDA:125,5,0,0
BRDA:125,5,1,0
BRDA:129,6,0,0
BRDA:129,6,1,0
BRDA:129,7,0,0
BRDA:129,7,1,0
BRDA:129,7,2,0
BRF:17
BRH:0
end_of_record
TN:
SF:components/SearchHome/SearchHomeListingsTileCardAuthor.vue
FN:85,(anonymous_2)
FN:100,(anonymous_3)
FN:123,(anonymous_4)
FN:141,(anonymous_5)
FN:145,(anonymous_6)
FN:153,(anonymous_7)
FNF:6
FNH:0
FNDA:0,(anonymous_2)
FNDA:0,(anonymous_3)
FNDA:0,(anonymous_4)
FNDA:0,(anonymous_5)
FNDA:0,(anonymous_6)
FNDA:0,(anonymous_7)
DA:77,0
DA:79,0
DA:101,0
DA:120,0
DA:124,0
DA:125,0
DA:128,0
DA:129,0
DA:132,0
DA:142,0
DA:146,0
DA:148,0
DA:154,0
DA:156,0
DA:157,0
DA:159,0
DA:164,0
DA:166,0
DA:167,0
DA:169,0
LF:20
LH:0
BRDA:104,0,0,0
BRDA:104,0,1,0
BRDA:108,1,0,0
BRDA:108,1,1,0
BRDA:112,2,0,0
BRDA:112,2,1,0
BRDA:116,3,0,0
BRDA:116,3,1,0
BRDA:124,4,0,0
BRDA:124,4,1,0
BRDA:124,5,0,0
BRDA:124,5,1,0
BRDA:128,6,0,0
BRDA:128,6,1,0
BRDA:128,7,0,0
BRDA:128,7,1,0
BRDA:128,7,2,0
BRF:17
BRH:0
end_of_record
TN:
SF:components/SearchHome/SearchHomeListingsTileMap.vue
FN:197,(anonymous_2)
FN:206,(anonymous_3)
FN:229,(anonymous_4)
FN:233,(anonymous_5)
FN:239,(anonymous_6)
FN:261,(anonymous_7)
FN:282,(anonymous_8)
FN:301,(anonymous_9)
FN:320,(anonymous_10)
FN:325,(anonymous_11)
FNF:10
FNH:0
FNDA:0,(anonymous_2)
FNDA:0,(anonymous_3)
FNDA:0,(anonymous_4)
FNDA:0,(anonymous_5)
FNDA:0,(anonymous_6)
FNDA:0,(anonymous_7)
FNDA:0,(anonymous_8)
FNDA:0,(anonymous_9)
FNDA:0,(anonymous_10)
FNDA:0,(anonymous_11)
DA:180,0
DA:182,0
DA:184,0
DA:185,0
DA:207,0
DA:230,0
DA:234,0
DA:240,0
DA:241,0
DA:244,0
DA:246,0
DA:247,0
DA:250,0
DA:251,0
DA:262,0
DA:264,0
DA:266,0
DA:268,0
DA:270,0
DA:283,0
DA:285,0
DA:287,0
DA:292,0
DA:294,0
DA:295,0
DA:297,0
DA:302,0
DA:304,0
DA:306,0
DA:311,0
DA:313,0
DA:314,0
DA:316,0
DA:321,0
DA:322,0
DA:326,0
DA:327,0
DA:329,0
LF:38
LH:0
BRDA:230,0,0,0
BRDA:230,0,1,0
BRDA:240,1,0,0
BRDA:240,1,1,0
BRDA:246,2,0,0
BRDA:246,2,1,0
BRDA:246,3,0,0
BRDA:246,3,1,0
BRDA:250,4,0,0
BRDA:250,4,1,0
BRDA:250,5,0,0
BRDA:250,5,1,0
BRDA:326,6,0,0
BRDA:326,6,1,0
BRF:14
BRH:0
end_of_record
TN:
SF:components/TeamMember/TeamMemberContent.vue
FN:84,(anonymous_1)
FNF:1
FNH:0
FNDA:0,(anonymous_1)
LF:0
LH:0
BRF:0
BRH:0
end_of_record
TN:
SF:pages/index.vue
FN:58,(anonymous_2)
FN:64,(anonymous_3)
FN:70,(anonymous_4)
FN:90,(anonymous_5)
FN:100,(anonymous_6)
FNF:5
FNH:0
FNDA:0,(anonymous_2)
FNDA:0,(anonymous_3)
FNDA:0,(anonymous_4)
FNDA:0,(anonymous_5)
FNDA:0,(anonymous_6)
DA:53,0
DA:55,0
DA:59,0
DA:60,0
DA:61,0
DA:65,0
DA:71,0
DA:78,0
DA:80,0
DA:91,0
DA:92,0
DA:101,0
LF:12
LH:0
BRF:0
BRH:0
end_of_record
TN:
SF:pages/about-us/index.vue
FN:56,(anonymous_2)
FN:62,(anonymous_3)
FN:82,(anonymous_4)
FNF:3
FNH:0
FNDA:0,(anonymous_2)
FNDA:0,(anonymous_3)
FNDA:0,(anonymous_4)
DA:51,0
DA:53,0
DA:57,0
DA:58,0
DA:59,0
DA:63,0
DA:70,0
DA:72,0
DA:83,0
DA:84,0
LF:10
LH:0
BRF:0
BRH:0
end_of_record
TN:
SF:pages/blog/index.vue
FN:16,(anonymous_2)
FN:22,(anonymous_3)
FN:42,(anonymous_4)
FNF:3
FNH:0
FNDA:0,(anonymous_2)
FNDA:0,(anonymous_3)
FNDA:0,(anonymous_4)
DA:11,0
DA:13,0
DA:17,0
DA:18,0
DA:19,0
DA:23,0
DA:30,0
DA:32,0
DA:43,0
DA:45,0
LF:10
LH:0
BRF:0
BRH:0
end_of_record
TN:
SF:pages/blog/_id/index.vue
FN:17,(anonymous_2)
FN:25,(anonymous_3)
FN:45,(anonymous_4)
FNF:3
FNH:0
FNDA:0,(anonymous_2)
FNDA:0,(anonymous_3)
FNDA:0,(anonymous_4)
DA:10,0
DA:12,0
DA:14,0
DA:18,0
DA:26,0
DA:33,0
DA:35,0
DA:46,0
DA:48,0
LF:9
LH:0
BRF:0
BRH:0
end_of_record
TN:
SF:pages/blog/_name/_id/index.vue
FN:15,(anonymous_1)
FN:43,(anonymous_2)
FNF:2
FNH:0
FNDA:0,(anonymous_1)
FNDA:0,(anonymous_2)
DA:10,0
DA:16,0
DA:44,0
DA:46,0
LF:4
LH:0
BRF:0
BRH:0
end_of_record
TN:
SF:pages/blog/search/index.vue
FN:17,(anonymous_2)
FN:25,(anonymous_3)
FN:45,(anonymous_4)
FNF:3
FNH:0
FNDA:0,(anonymous_2)
FNDA:0,(anonymous_3)
FNDA:0,(anonymous_4)
DA:10,0
DA:12,0
DA:14,0
DA:18,0
DA:26,0
DA:33,0
DA:35,0
DA:46,0
DA:48,0
LF:9
LH:0
BRF:0
BRH:0
end_of_record
TN:
SF:pages/building-resources/index.vue
FN:21,(anonymous_2)
FN:27,(anonymous_3)
FN:47,(anonymous_4)
FNF:3
FNH:0
FNDA:0,(anonymous_2)
FNDA:0,(anonymous_3)
FNDA:0,(anonymous_4)
DA:16,0
DA:18,0
DA:22,0
DA:23,0
DA:24,0
DA:28,0
DA:35,0
DA:37,0
DA:48,0
DA:49,0
LF:10
LH:0
BRF:0
BRH:0
end_of_record
TN:
SF:pages/communities/_title/index.vue
FN:27,(anonymous_1)
FN:53,(anonymous_2)
FNF:2
FNH:0
FNDA:0,(anonymous_1)
FNDA:0,(anonymous_2)
DA:22,0
DA:28,0
DA:29,0
DA:30,0
DA:54,0
DA:55,0
LF:6
LH:0
BRF:0
BRH:0
end_of_record
TN:
SF:pages/contact/index.vue
FN:22,(anonymous_2)
FN:28,(anonymous_3)
FN:48,(anonymous_4)
FNF:3
FNH:0
FNDA:0,(anonymous_2)
FNDA:0,(anonymous_3)
FNDA:0,(anonymous_4)
DA:17,0
DA:19,0
DA:23,0
DA:24,0
DA:25,0
DA:29,0
DA:36,0
DA:38,0
DA:49,0
DA:50,0
LF:10
LH:0
BRF:0
BRH:0
end_of_record
TN:
SF:pages/landing/index.vue
FN:58,(anonymous_2)
FN:64,(anonymous_3)
FN:84,(anonymous_4)
FNF:3
FNH:0
FNDA:0,(anonymous_2)
FNDA:0,(anonymous_3)
FNDA:0,(anonymous_4)
DA:53,0
DA:55,0
DA:59,0
DA:60,0
DA:61,0
DA:65,0
DA:72,0
DA:74,0
DA:85,0
DA:86,0
LF:10
LH:0
BRF:0
BRH:0
end_of_record
TN:
SF:pages/life-changer-program/index.vue
FN:21,(anonymous_2)
FN:27,(anonymous_3)
FN:47,(anonymous_4)
FNF:3
FNH:0
FNDA:0,(anonymous_2)
FNDA:0,(anonymous_3)
FNDA:0,(anonymous_4)
DA:16,0
DA:18,0
DA:22,0
DA:23,0
DA:24,0
DA:28,0
DA:35,0
DA:37,0
DA:48,0
DA:49,0
LF:10
LH:0
BRF:0
BRH:0
end_of_record
TN:
SF:pages/listing/_state/_city/_title/_id/index.vue
FN:50,(anonymous_2)
FN:75,(anonymous_3)
FNF:2
FNH:0
FNDA:0,(anonymous_2)
FNDA:0,(anonymous_3)
DA:44,0
DA:46,0
DA:51,0
DA:52,0
DA:53,0
DA:76,0
DA:77,0
DA:79,0
DA:80,0
DA:81,0
DA:82,0
DA:83,0
DA:84,0
DA:86,0
DA:87,0
LF:15
LH:0
BRDA:79,0,0,0
BRDA:79,0,1,0
BRDA:79,1,0,0
BRDA:79,1,1,0
BRF:4
BRH:0
end_of_record
TN:
SF:pages/looking-to-buy/index.vue
FN:28,(anonymous_2)
FN:34,(anonymous_3)
FN:54,(anonymous_4)
FNF:3
FNH:0
FNDA:0,(anonymous_2)
FNDA:0,(anonymous_3)
FNDA:0,(anonymous_4)
DA:23,0
DA:25,0
DA:29,0
DA:30,0
DA:31,0
DA:35,0
DA:42,0
DA:44,0
DA:55,0
DA:56,0
LF:10
LH:0
BRF:0
BRH:0
end_of_record
TN:
SF:pages/looking-to-sell/index.vue
FN:44,(anonymous_2)
FN:50,(anonymous_3)
FN:70,(anonymous_4)
FNF:3
FNH:0
FNDA:0,(anonymous_2)
FNDA:0,(anonymous_3)
FNDA:0,(anonymous_4)
DA:39,0
DA:41,0
DA:45,0
DA:46,0
DA:47,0
DA:51,0
DA:58,0
DA:60,0
DA:71,0
DA:72,0
LF:10
LH:0
BRF:0
BRH:0
end_of_record
TN:
SF:pages/meet-the-team/index.vue
FN:15,(anonymous_2)
FN:21,(anonymous_3)
FN:41,(anonymous_4)
FNF:3
FNH:0
FNDA:0,(anonymous_2)
FNDA:0,(anonymous_3)
FNDA:0,(anonymous_4)
DA:10,0
DA:12,0
DA:16,0
DA:17,0
DA:18,0
DA:22,0
DA:29,0
DA:31,0
DA:42,0
DA:43,0
LF:10
LH:0
BRF:0
BRH:0
end_of_record
TN:
SF:pages/page/_slug/index.vue
FN:147,(anonymous_2)
FN:153,(anonymous_3)
FN:173,(anonymous_4)
FNF:3
FNH:0
FNDA:0,(anonymous_2)
FNDA:0,(anonymous_3)
FNDA:0,(anonymous_4)
DA:142,0
DA:144,0
DA:148,0
DA:149,0
DA:150,0
DA:154,0
DA:161,0
DA:163,0
DA:174,0
DA:175,0
DA:178,0
DA:180,0
LF:12
LH:0
BRDA:175,0,0,0
BRDA:175,0,1,0
BRDA:175,1,0,0
BRDA:175,1,1,0
BRDA:175,1,2,0
BRDA:175,1,3,0
BRDA:175,1,4,0
BRF:7
BRH:0
end_of_record
TN:
SF:pages/press-and-media/index.vue
FN:23,(anonymous_2)
FN:29,(anonymous_3)
FN:49,(anonymous_4)
FNF:3
FNH:0
FNDA:0,(anonymous_2)
FNDA:0,(anonymous_3)
FNDA:0,(anonymous_4)
DA:18,0
DA:20,0
DA:24,0
DA:25,0
DA:26,0
DA:30,0
DA:37,0
DA:39,0
DA:50,0
LF:9
LH:0
BRF:0
BRH:0
end_of_record
TN:
SF:pages/privacy-policy/index.vue
FN:16,(anonymous_2)
FN:22,(anonymous_3)
FN:42,(anonymous_4)
FNF:3
FNH:0
FNDA:0,(anonymous_2)
FNDA:0,(anonymous_3)
FNDA:0,(anonymous_4)
DA:11,0
DA:13,0
DA:17,0
DA:18,0
DA:19,0
DA:23,0
DA:30,0
DA:32,0
DA:43,0
LF:9
LH:0
BRF:0
BRH:0
end_of_record
TN:
SF:pages/property/_state/_city/_title/_id/index.vue
FN:53,(anonymous_1)
FN:79,(anonymous_2)
FNF:2
FNH:0
FNDA:0,(anonymous_1)
FNDA:0,(anonymous_2)
DA:48,0
DA:54,0
DA:55,0
DA:56,0
DA:80,0
DA:81,0
LF:6
LH:0
BRF:0
BRH:0
end_of_record
TN:
SF:pages/relocation/index.vue
FN:50,(anonymous_2)
FN:56,(anonymous_3)
FN:75,(anonymous_4)
FNF:3
FNH:0
FNDA:0,(anonymous_2)
FNDA:0,(anonymous_3)
FNDA:0,(anonymous_4)
DA:45,0
DA:47,0
DA:51,0
DA:52,0
DA:53,0
DA:57,0
DA:64,0
DA:66,0
DA:76,0
LF:9
LH:0
BRF:0
BRH:0
end_of_record
TN:
SF:pages/search-home/index.vue
FN:47,(anonymous_1)
FN:54,(anonymous_2)
FN:208,(anonymous_3)
FN:213,(anonymous_4)
FN:222,(anonymous_5)
FN:226,(anonymous_6)
FN:230,(anonymous_7)
FNF:7
FNH:0
FNDA:0,(anonymous_1)
FNDA:0,(anonymous_2)
FNDA:0,(anonymous_3)
FNDA:0,(anonymous_4)
FNDA:0,(anonymous_5)
FNDA:0,(anonymous_6)
FNDA:0,(anonymous_7)
DA:42,0
DA:48,0
DA:49,0
DA:50,0
DA:51,0
DA:55,0
DA:209,0
DA:214,0
DA:223,0
DA:227,0
DA:231,0
LF:11
LH:0
BRF:0
BRH:0
end_of_record
TN:
SF:pages/team/_name/index.vue
FN:12,(anonymous_1)
FN:38,(anonymous_2)
FNF:2
FNH:0
FNDA:0,(anonymous_1)
FNDA:0,(anonymous_2)
DA:8,0
DA:13,0
DA:14,0
DA:15,0
DA:39,0
LF:5
LH:0
BRF:0
BRH:0
end_of_record
